This is XeTeX, Version 3.1415926-2.2-0.9997.4 (Web2C 2010) (format=xelatex 2011.5.10)  2 JUN 2016 23:52
entering extended mode
 restricted \write18 enabled.
 %&-line parsing enabled.
**OOD_third_phase.tex
(./OOD_third_phase.tex
LaTeX2e <2009/09/24>
Babel <v3.8l> and hyphenation patterns for english, dumylang, nohyphenation, ge
rman-x-2009-06-19, ngerman-x-2009-06-19, afrikaans, ancientgreek, ibycus, arabi
c, armenian, basque, bulgarian, catalan, pinyin, coptic, croatian, czech, danis
h, dutch, ukenglish, usenglishmax, esperanto, estonian, ethiopic, farsi, finnis
h, french, galician, german, ngerman, swissgerman, monogreek, greek, hungarian,
 icelandic, assamese, bengali, gujarati, hindi, kannada, malayalam, marathi, or
iya, panjabi, tamil, telugu, indonesian, interlingua, irish, italian, kurmanji,
 lao, latin, latvian, lithuanian, mongolian, mongolianlmc, bokmal, nynorsk, pol
ish, portuguese, romanian, russian, sanskrit, serbian, slovak, slovenian, spani
sh, swedish, turkish, turkmen, ukrainian, uppersorbian, welsh, loaded.
(c:/XePersian TeXLive Portable/texlive/texmf-dist/tex/latex/base/article.cls
Document Class: article 2007/10/19 v1.4h Standard LaTeX document class
(c:/XePersian TeXLive Portable/texlive/texmf-dist/tex/latex/base/size10.clo
File: size10.clo 2007/10/19 v1.4h Standard LaTeX file (size option)
)
\c@part=\count80
\c@section=\count81
\c@subsection=\count82
\c@subsubsection=\count83
\c@paragraph=\count84
\c@subparagraph=\count85
\c@figure=\count86
\c@table=\count87
\abovecaptionskip=\skip41
\belowcaptionskip=\skip42
\bibindent=\dimen102
)
(c:/XePersian TeXLive Portable/texlive/texmf-dist/tex/latex/caption/caption.sty
Package: caption 2010/01/09 v3.1m Customizing captions (AR)

(c:/XePersian TeXLive Portable/texlive/texmf-dist/tex/latex/caption/caption3.st
y
Package: caption3 2010/01/14 v3.1m caption3 kernel (AR)

(c:/XePersian TeXLive Portable/texlive/texmf-dist/tex/latex/graphics/keyval.sty
Package: keyval 1999/03/16 v1.13 key=value parser (DPC)
\KV@toks@=\toks14
)
\captionmargin=\dimen103
\captionmargin@=\dimen104
\captionwidth=\dimen105
\caption@indent=\dimen106
\caption@parindent=\dimen107
\caption@hangindent=\dimen108
)
\c@ContinuedFloat=\count88
) (c:/XePersian TeXLive Portable/texlive/texmf-dist/tex/latex/float/float.sty
Package: float 2001/11/08 v1.3d Float enhancements (AL)
\c@float@type=\count89
\float@exts=\toks15
\float@box=\box26
\@float@everytoks=\toks16
\@floatcapt=\box27
)
(c:/XePersian TeXLive Portable/texlive/texmf-dist/tex/latex/graphics/graphicx.s
ty
Package: graphicx 1999/02/16 v1.0f Enhanced LaTeX Graphics (DPC,SPQR)

(c:/XePersian TeXLive Portable/texlive/texmf-dist/tex/latex/graphics/graphics.s
ty
Package: graphics 2009/02/05 v1.0o Standard LaTeX Graphics (DPC,SPQR)

(c:/XePersian TeXLive Portable/texlive/texmf-dist/tex/latex/graphics/trig.sty
Package: trig 1999/03/16 v1.09 sin cos tan (DPC)
)
(c:/XePersian TeXLive Portable/texlive/texmf-dist/tex/latex/latexconfig/graphic
s.cfg
File: graphics.cfg 2010/04/23 v1.9 graphics configuration of TeX Live
)
Package graphics Info: Driver file: xetex.def on input line 91.

(c:/XePersian TeXLive Portable/texlive/texmf-dist/tex/xelatex/xetex-def/xetex.d
ef
File: xetex.def 2009/11/22 v0.94 LaTeX color/graphics driver for XeTeX (RRM/JK)

))
\Gin@req@height=\dimen109
\Gin@req@width=\dimen110
)
(c:/XePersian TeXLive Portable/texlive/texmf-dist/tex/latex/hyperref/hyperref.s
ty
Package: hyperref 2011/04/17 v6.82g Hypertext links for LaTeX

(c:/XePersian TeXLive Portable/texlive/texmf-dist/tex/generic/oberdiek/hobsub-h
yperref.sty
Package: hobsub-hyperref 2011/04/23 v1.4 Bundle oberdiek, subset hyperref (HO)

(c:/XePersian TeXLive Portable/texlive/texmf-dist/tex/generic/oberdiek/hobsub-g
eneric.sty
Package: hobsub-generic 2011/04/23 v1.4 Bundle oberdiek, subset generic (HO)
Package: hobsub 2011/04/23 v1.4 Subsetting bundle oberdiek (HO)
Package: infwarerr 2010/04/08 v1.3 Providing info/warning/message (HO)
Package: ltxcmds 2011/04/18 v1.20 LaTeX kernel commands for general use (HO)
Package: ifluatex 2010/03/01 v1.3 Provides the ifluatex switch (HO)
Package ifluatex Info: LuaTeX not detected.
Package: ifvtex 2010/03/01 v1.5 Switches for detecting VTeX and its modes (HO)
Package ifvtex Info: VTeX not detected.
Package: intcalc 2007/09/27 v1.1 Expandable integer calculations (HO)
Package: ifpdf 2011/01/30 v2.3 Provides the ifpdf switch (HO)
Package ifpdf Info: pdfTeX in PDF mode is not detected.
Package: etexcmds 2011/02/16 v1.5 Prefix for e-TeX command names (HO)
Package etexcmds Info: Could not find \expanded.
(etexcmds)             That can mean that you are not using pdfTeX 1.50 or
(etexcmds)             that some package has redefined \expanded.
(etexcmds)             In the latter case, load this package earlier.
Package: kvsetkeys 2011/04/07 v1.13 Key value parser (HO)
Package: kvdefinekeys 2011/04/07 v1.3 Defining keys (HO)
Package: pdftexcmds 2011/04/22 v0.16 Utilities of pdfTeX for LuaTeX (HO)
Package pdftexcmds Info: LuaTeX not detected.
Package pdftexcmds Info: pdfTeX >= 1.30 not detected.
Package pdftexcmds Info: \pdf@primitive is available.
Package pdftexcmds Info: \pdf@ifprimitive is available.
Package pdftexcmds Info: \pdfdraftmode not found.
Package: pdfescape 2011/04/04 v1.12 Provides string conversions (HO)
Package: bigintcalc 2011/01/30 v1.2 Expandable big integer calculations (HO)
Package: bitset 2011/01/30 v1.1 Data type bit set (HO)
Package: uniquecounter 2011/01/30 v1.2 Provides unlimited unique counter (HO)
)
Package hobsub Info: Skipping package `hobsub' (already loaded).
Package: letltxmacro 2010/09/02 v1.4 Let assignment for LaTeX macros (HO)
Package: hopatch 2011/01/30 v1.0 Wrapper for package hooks (HO)
Package: xcolor-patch 2011/01/30 xcolor patch
Package: atveryend 2011/04/23 v1.7 Hooks at very end of document (HO)
Package atveryend Info: \enddocument detected (standard).
Package: atbegshi 2011/01/30 v1.15 At begin shipout hook (HO)
Package: refcount 2010/12/01 v3.2 Data extraction from references (HO)
Package: hycolor 2011/01/30 v1.7 Color options of hyperref/bookmark (HO)
)
(c:/XePersian TeXLive Portable/texlive/texmf-dist/tex/generic/ifxetex/ifxetex.s
ty
Package: ifxetex 2010/09/12 v0.6 Provides ifxetex conditional
)
(c:/XePersian TeXLive Portable/texlive/texmf-dist/tex/latex/oberdiek/kvoptions.
sty
Package: kvoptions 2010/12/23 v3.10 Keyval support for LaTeX options (HO)
)
\@linkdim=\dimen111
\Hy@linkcounter=\count90
\Hy@pagecounter=\count91

(c:/XePersian TeXLive Portable/texlive/texmf-dist/tex/latex/hyperref/pd1enc.def
File: pd1enc.def 2011/04/17 v6.82g Hyperref: PDFDocEncoding definition (HO)
)
\Hy@SavedSpaceFactor=\count92

(c:/XePersian TeXLive Portable/texlive/texmf-dist/tex/xelatex/xetexconfig/hyper
ref.cfg
File: hyperref.cfg 2008/07/11 v1.2 hyperref configuration for XeLaTeX
)
Package hyperref Info: Option `colorlinks' set `true' on input line 3905.
Package hyperref Info: Hyper figures OFF on input line 4026.
Package hyperref Info: Link nesting OFF on input line 4031.
Package hyperref Info: Hyper index ON on input line 4034.
Package hyperref Info: Plain pages OFF on input line 4041.
Package hyperref Info: Backreferencing OFF on input line 4046.
Package hyperref Info: Implicit mode ON; LaTeX internals redefined.
Package hyperref Info: Bookmarks ON on input line 4264.
\c@Hy@tempcnt=\count93

(c:/XePersian TeXLive Portable/texlive/texmf-dist/tex/latex/url/url.sty
\Urlmuskip=\muskip10
Package: url 2006/04/12  ver 3.3  Verb mode for urls, etc.
)
LaTeX Info: Redefining \url on input line 4617.
\Fld@menulength=\count94
\Field@Width=\dimen112
\Fld@charsize=\dimen113
Package hyperref Info: Hyper figures OFF on input line 5701.
Package hyperref Info: Link nesting OFF on input line 5706.
Package hyperref Info: Hyper index ON on input line 5709.
Package hyperref Info: backreferencing OFF on input line 5716.
Package hyperref Info: Link coloring ON on input line 5719.
Package hyperref Info: Link coloring with OCG OFF on input line 5726.
Package hyperref Info: PDF/A mode OFF on input line 5731.
LaTeX Info: Redefining \ref on input line 5771.
LaTeX Info: Redefining \pageref on input line 5775.
\Hy@abspage=\count95
\c@Item=\count96
\c@Hfootnote=\count97
)

Package hyperref Message: Driver (autodetected): hxetex.


(c:/XePersian TeXLive Portable/texlive/texmf-dist/tex/latex/hyperref/hxetex.def
File: hxetex.def 2011/04/17 v6.82g Hyperref driver for XeTeX
(c:/XePersian TeXLive Portable/texlive/texmf-dist/tex/latex/hyperref/puenc.def
File: puenc.def 2011/04/17 v6.82g Hyperref: PDF Unicode definition (HO)
)
(c:/XePersian TeXLive Portable/texlive/texmf-dist/tex/generic/oberdiek/stringen
c.sty
Package: stringenc 2010/03/01 v1.8 Converts strings between encodings (HO)
)
\pdfm@box=\box28
\c@Hy@AnnotLevel=\count98
\HyField@AnnotCount=\count99
\Fld@listcount=\count100
\c@bookmark@seq@number=\count101

(c:/XePersian TeXLive Portable/texlive/texmf-dist/tex/latex/oberdiek/rerunfilec
heck.sty
Package: rerunfilecheck 2011/04/15 v1.7 Rerun checks for auxiliary files (HO)
Package rerunfilecheck Info: Feature \pdfmdfivesum is not available
(rerunfilecheck)             (e.g. pdfTeX or LuaTeX with package `pdftexcmds').

(rerunfilecheck)             Therefore file contents cannot be checked efficien
tly
(rerunfilecheck)             and the loading of the package is aborted.
)
\Hy@SectionHShift=\skip43
)
(c:/XePersian TeXLive Portable/texlive/texmf-dist/tex/xelatex/xepersian/xepersi
an.sty
Package: xepersian 2011/03/21 v1.1.0 <commit 100> Persian typesetting in XeLaTe
X

(c:/XePersian TeXLive Portable/texlive/texmf-dist/tex/latex/fontspec/fontspec.s
ty
Package: fontspec 2011/02/26 v2.1f Advanced font selection for XeLaTeX/LuaLaTeX

 (c:/XePersian TeXLive Portable/texlive/texmf-dist/tex/latex/expl3/expl3.sty
(c:/XePersian TeXLive Portable/texlive/texmf-dist/tex/latex/expl3/l3names.sty
Package: l3names 2011/01/08 v2122 L3 Experimental Naming Scheme for TeX Primiti
ves
)
Package: expl3 2011/04/09 v2222 L3 Experimental code bundle wrapper

(c:/XePersian TeXLive Portable/texlive/texmf-dist/tex/latex/etex-pkg/etex.sty
Package: etex 1998/03/26 v2.0 eTeX basic definition package (PEB)
\et@xins=\count102
)
(c:/XePersian TeXLive Portable/texlive/texmf-dist/tex/latex/expl3/l3basics.sty
Package: l3basics 2011/04/23 v2246 L3 Experimental basic definitions
) (c:/XePersian TeXLive Portable/texlive/texmf-dist/tex/latex/expl3/l3expan.sty
Package: l3expan 2011/04/09 v2223 L3 Experimental Argument Expansion module
) (c:/XePersian TeXLive Portable/texlive/texmf-dist/tex/latex/expl3/l3tl.sty
Package: l3tl 2011/04/09 v2223 L3 Experimental Token Lists
)
(c:/XePersian TeXLive Portable/texlive/texmf-dist/tex/latex/expl3/l3int.sty
Package: l3int 2011/04/11 v2229 L3 Experimental Integer module
\l_tmpa_int=\count103
\l_tmpb_int=\count104
\l_tmpc_int=\count105
\g_tmpa_int=\count106
\g_tmpb_int=\count107
\c_max_int=\count108
\g_tl_inline_level_int=\count109
\g_prg_inline_level_int=\count110
)
(c:/XePersian TeXLive Portable/texlive/texmf-dist/tex/latex/expl3/l3quark.sty
Package: l3quark 2011/04/14 v2234 L3 Experimental Quark Commands
)
(c:/XePersian TeXLive Portable/texlive/texmf-dist/tex/latex/expl3/l3seq.sty
Package: l3seq 2011/04/21 v2245 The LaTeX3 kernel: sequences and stacks
\g_seq_nesting_depth_int=\count111
)
(c:/XePersian TeXLive Portable/texlive/texmf-dist/tex/latex/expl3/l3toks.sty
Package: l3toks 2011/04/09 v2223 L3 Experimental Token Registers
\l_tmpb_toks=\toks17
\l_tmpc_toks=\toks18
\g_tmpa_toks=\toks19
\g_tmpb_toks=\toks20
\g_tmpc_toks=\toks21
\c_empty_toks=\toks22
\l_tl_replace_toks=\toks23
)
(c:/XePersian TeXLive Portable/texlive/texmf-dist/tex/latex/expl3/l3prg.sty
Package: l3prg 2011/04/09 v2223 L3 Experimental control structures
)
(c:/XePersian TeXLive Portable/texlive/texmf-dist/tex/latex/expl3/l3clist.sty
Package: l3clist 2011/04/09 v2223 L3 Experimental comma separated lists
\g_clist_map_inline_int=\count112
)
(c:/XePersian TeXLive Portable/texlive/texmf-dist/tex/latex/expl3/l3token.sty
Package: l3token 2011/04/09 v2223 L3 Experimental token investigation and manip
ulation
)
(c:/XePersian TeXLive Portable/texlive/texmf-dist/tex/latex/expl3/l3prop.sty
Package: l3prop 2011/04/09 v2223 L3 Experimental Property Lists
\g_prop_inline_level_int=\count113
)
(c:/XePersian TeXLive Portable/texlive/texmf-dist/tex/latex/expl3/l3msg.sty
Package: l3msg 2010/10/02 v2052 L3 Experimental LaTeX Messages module
\l_msg_redirect_classes_prop=\toks24
\l_msg_redirect_names_prop=\toks25
\l_msg_redirect_fatal_prop=\toks26
\l_msg_redirect_error_prop=\toks27
\l_msg_redirect_warning_prop=\toks28
\l_msg_redirect_info_prop=\toks29
\l_msg_redirect_log_prop=\toks30
\l_msg_redirect_trace_prop=\toks31
\l_msg_redirect_none_prop=\toks32
)
(c:/XePersian TeXLive Portable/texlive/texmf-dist/tex/latex/expl3/l3io.sty
Package: l3io 2010/10/03 v2063 L3 Experimental i/o module
\g_iow_streams_prop=\toks33
\g_ior_streams_prop=\toks34
\l_iow_stream_int=\count114
)
(c:/XePersian TeXLive Portable/texlive/texmf-dist/tex/latex/expl3/l3skip.sty
Package: l3skip 2011/02/15 v2149 L3 Experimental skip registers
\l_tmpa_skip=\skip44
\l_tmpb_skip=\skip45
\l_tmpc_skip=\skip46
\g_tmpa_skip=\skip47
\g_tmpb_skip=\skip48
\l_tmpa_dim=\dimen114
\l_tmpb_dim=\dimen115
\l_tmpc_dim=\dimen116
\l_tmpd_dim=\dimen117
\g_tmpa_dim=\dimen118
\g_tmpb_dim=\dimen119
)
(c:/XePersian TeXLive Portable/texlive/texmf-dist/tex/latex/expl3/l3box.sty
Package: l3box 2011/04/09 v2223 L3 Experimental Box module
\l_tmpb_box=\box29
)
(c:/XePersian TeXLive Portable/texlive/texmf-dist/tex/latex/expl3/l3keyval.sty
Package: l3keyval 2011/04/09 v2223 L3 Experimental keyval processing
\l_KV_level_int=\count115
) (c:/XePersian TeXLive Portable/texlive/texmf-dist/tex/latex/expl3/l3keys.sty
Package: l3keys 2010/11/11 v2082 L3 Experimental key-value support
\l_keys_choice_int=\count116
)
(c:/XePersian TeXLive Portable/texlive/texmf-dist/tex/latex/expl3/l3precom.sty
Package: l3precom 2011/04/09 v2223 L3 Experimental precompilation module
\g_gen_sym_int=\count117
\g_ggen_sym_int=\count118
) (c:/XePersian TeXLive Portable/texlive/texmf-dist/tex/latex/expl3/l3xref.sty
Package: l3xref 2011/04/09 v2223 L3 Experimental cross referencing
\g_xref_all_curr_immediate_fields_prop=\toks35
\g_xref_all_curr_deferred_fields_prop=\toks36
)
(c:/XePersian TeXLive Portable/texlive/texmf-dist/tex/latex/expl3/l3file.sty
Package: l3file 2011/04/21 v2242 The LaTeX3 kernel: file operations
)
(c:/XePersian TeXLive Portable/texlive/texmf-dist/tex/latex/expl3/l3fp.sty
Package: l3fp 2011/03/19 v2201 L3 Experimental floating-point operations
\c_one_million=\count119
\c_one_hundred_million=\count120
\c_five_hundred_million=\count121
\c_one_thousand_million=\count122
\c_fp_pi_by_four_decimal_int=\count123
\c_fp_pi_by_four_extended_int=\count124
\c_fp_pi_decimal_int=\count125
\c_fp_pi_extended_int=\count126
\c_fp_two_pi_decimal_int=\count127
\c_fp_two_pi_extended_int=\count128
\l_fp_count_int=\count129
\l_fp_div_offset_int=\count130
\l_fp_exp_integer_int=\count131
\l_fp_exp_decimal_int=\count132
\l_fp_exp_extended_int=\count133
\l_fp_exp_exponent_int=\count134
\l_fp_input_a_sign_int=\count135
\l_fp_input_a_integer_int=\count136
\l_fp_input_a_decimal_int=\count137
\l_fp_input_a_exponent_int=\count138
\l_fp_input_b_sign_int=\count139
\l_fp_input_b_integer_int=\count140
\l_fp_input_b_decimal_int=\count141
\l_fp_input_b_exponent_int=\count142
\l_fp_input_a_extended_int=\count143
\l_fp_input_b_extended_int=\count144
\l_fp_mul_a_i_int=\count145
\l_fp_mul_a_ii_int=\count146
\l_fp_mul_a_iii_int=\count147
\l_fp_mul_a_iv_int=\count148
\l_fp_mul_a_v_int=\count149
\l_fp_mul_a_vi_int=\count150
\l_fp_mul_b_i_int=\count151
\l_fp_mul_b_ii_int=\count152
\l_fp_mul_b_iii_int=\count153
\l_fp_mul_b_iv_int=\count154
\l_fp_mul_b_v_int=\count155
\l_fp_mul_b_vi_int=\count156
\l_fp_mul_output_int=\count157
\l_fp_output_sign_int=\count158
\l_fp_output_integer_int=\count159
\l_fp_output_decimal_int=\count160
\l_fp_output_exponent_int=\count161
\l_fp_output_extended_int=\count162
\l_fp_round_position_int=\count163
\l_fp_round_target_int=\count164
\l_fp_split_sign_int=\count165
\l_fp_tmp_int=\count166
\l_fp_trig_octant_int=\count167
\l_fp_trig_sign_int=\count168
\l_fp_trig_decimal_int=\count169
\l_fp_trig_extended_int=\count170
\l_fp_tmp_dim=\dimen120
\l_fp_tmp_skip=\skip49
)
(c:/XePersian TeXLive Portable/texlive/texmf-dist/tex/latex/expl3/l3luatex.sty
Package: l3luatex 2010/07/18 v1985 L3 Experimental LuaTeX functions
\g_cctab_allocate_int=\count171
\g_cctab_stack_int=\count172
) (c:/XePersian TeXLive Portable/texlive/texmf-dist/tex/latex/tools/calc.sty
Package: calc 2007/08/22 v4.3 Infix arithmetic (KKT,FJ)
\calc@Acount=\count173
\calc@Bcount=\count174
\calc@Adimen=\dimen121
\calc@Bdimen=\dimen122
\calc@Askip=\skip50
\calc@Bskip=\skip51
LaTeX Info: Redefining \setlength on input line 76.
LaTeX Info: Redefining \addtolength on input line 77.
\calc@Ccount=\count175
\calc@Cskip=\skip52
))
(c:/XePersian TeXLive Portable/texlive/texmf-dist/tex/latex/xpackages/xbase/xpa
rse.sty
Package: xparse 2011/04/08 v2219 Generic document command parser
\c_xparse_shorthands_prop=\toks37
\l_xparse_m_args_int=\count176
\l_xparse_mandatory_args_int=\count177
\l_xparse_processor_int=\count178
\l_xparse_total_args_int=\count179
)
(c:/XePersian TeXLive Portable/texlive/texmf-dist/tex/generic/kastrup/binhex.te
x)
\l_fontspec_script_int=\count180
\l_fontspec_language_int=\count181
\l_fontspec_strnum_int=\count182
Variant \tl_gset:cV already defined; not changing it on line 83

(c:/XePersian TeXLive Portable/texlive/texmf-dist/tex/latex/xkeyval/xkeyval.sty
Package: xkeyval 2008/08/13 v2.6a package option processing (HA)

(c:/XePersian TeXLive Portable/texlive/texmf-dist/tex/generic/xkeyval/xkeyval.t
ex
\XKV@toks=\toks38
\XKV@tempa@toks=\toks39
\XKV@depth=\count183
File: xkeyval.tex 2008/08/13 v2.6a key=value parser (HA)
))
(c:/XePersian TeXLive Portable/texlive/texmf-dist/tex/latex/fontspec/fontspec-p
atches.sty
Package: fontspec-patches 2011/02/26 v2.1f Advanced font selection for XeLaTeX/
LuaLaTeX

(c:/XePersian TeXLive Portable/texlive/texmf-dist/tex/latex/base/fixltx2e.sty
Package: fixltx2e 2006/09/13 v1.1m fixes to LaTeX
LaTeX Info: Redefining \em on input line 420.
)
LaTeX Info: Redefining \em on input line 22.
LaTeX Info: Redefining \emph on input line 29.
LaTeX Info: Redefining \- on input line 32.
) (c:/XePersian TeXLive Portable/texlive/texmf-dist/tex/latex/base/fontenc.sty
Package: fontenc 2005/09/27 v1.99g Standard LaTeX package

(c:/XePersian TeXLive Portable/texlive/texmf-dist/tex/latex/euenc/eu1enc.def
File: eu1enc.def 2010/05/27 v0.1h Experimental Unicode font encodings
)
LaTeX Font Info:    Try loading font information for EU1+lmr on input line 100.


(c:/XePersian TeXLive Portable/texlive/texmf-dist/tex/latex/euenc/eu1lmr.fd
File: eu1lmr.fd 2009/10/30 v1.6 Font defs for Latin Modern
))
(c:/XePersian TeXLive Portable/texlive/texmf-dist/tex/xelatex/xunicode/xunicode
.sty
File: xunicode.sty 2010/11/06 v0.96 provides access to latin accents and many o
ther characters in Unicode lower plane
)
 LaTeX info: Defining document command \fontspec
(LaTeX)  with arg. spec. 'O{}m' on line 335.

 LaTeX info: Defining document command \setmainfont
(LaTeX)  with arg. spec. 'O{}m' on line 339.

 LaTeX info: Defining document command \setsansfont
(LaTeX)  with arg. spec. 'O{}m' on line 343.

 LaTeX info: Defining document command \setmonofont
(LaTeX)  with arg. spec. 'O{}m' on line 347.

 LaTeX info: Defining document command \setmathrm
(LaTeX)  with arg. spec. 'O{}m' on line 351.

 LaTeX info: Defining document command \setboldmathrm
(LaTeX)  with arg. spec. 'O{}m' on line 354.

 LaTeX info: Defining document command \setmathsf
(LaTeX)  with arg. spec. 'O{}m' on line 357.

 LaTeX info: Defining document command \setmathtt
(LaTeX)  with arg. spec. 'O{}m' on line 360.

 LaTeX info: Defining document command \newfontfamily
(LaTeX)  with arg. spec. 'mO{}m' on line 377.

 LaTeX info: Defining document command \newfontface
(LaTeX)  with arg. spec. 'mO{}m' on line 380.

 LaTeX info: Defining document command \defaultfontfeatures
(LaTeX)  with arg. spec. 'm' on line 383.

 LaTeX info: Defining document command \addfontfeatures
(LaTeX)  with arg. spec. 'm' on line 400.

 LaTeX info: Defining document command \newfontfeature
(LaTeX)  with arg. spec. 'mm' on line 407.

 LaTeX info: Defining document command \newAATfeature
(LaTeX)  with arg. spec. 'mmmm' on line 416.

 LaTeX info: Defining document command \newICUfeature
(LaTeX)  with arg. spec. 'mmm' on line 425.

 LaTeX info: Defining document command \aliasfontfeature
(LaTeX)  with arg. spec. 'mm' on line 427.

 LaTeX info: Defining document command \aliasfontfeatureoption
(LaTeX)  with arg. spec. 'mmm' on line 430.

 LaTeX info: Defining document command \newfontscript
(LaTeX)  with arg. spec. 'mm' on line 435.

 LaTeX info: Defining document command \newfontlanguage
(LaTeX)  with arg. spec. 'mm' on line 457.

 LaTeX info: Defining document command \DeclareFontsExtensions
(LaTeX)  with arg. spec. 'm' on line 474.

\c@fontspec_tmp_int=\count184
LaTeX Info: Redefining \itshape on input line 2105.
LaTeX Info: Redefining \slshape on input line 2109.
LaTeX Info: Redefining \scshape on input line 2113.
LaTeX Info: Redefining \upshape on input line 2117.

(c:/XePersian TeXLive Portable/texlive/texmf-dist/tex/latex/fontspec/fontspec.c
fg))
(c:/XePersian TeXLive Portable/texlive/texmf-dist/tex/xelatex/xepersian/xepersi
an-persiancal.sty
Package: xepersian-persiancal 2010/07/25 v0.1 provides Persian calendar
\XePersian@i=\count185
\XePersian@y=\count186
\XePersian@m=\count187
\XePersian@d=\count188
\XePersian@latini=\count189
\XePersian@persiani=\count190
\XePersian@latinii=\count191
\XePersian@persianii=\count192
\XePersian@latiniii=\count193
\XePersian@persianiii=\count194
\XePersian@latiniv=\count195
\XePersian@persianiv=\count196
\XePersian@latinv=\count197
\XePersian@persianv=\count198
\XePersian@latinvi=\count199
\XePersian@persianvi=\count200
\XePersian@latinvii=\count201
Normal \count register pool exhausted, switching to extended pool.
\XePersian@persianvii=\count277
\XePersian@latinviii=\count278
\XePersian@persianviii=\count279
\XePersian@latinix=\count280
\XePersian@persianix=\count281
\XePersian@latinx=\count282
\XePersian@persianx=\count283
\XePersian@latinxi=\count284
\XePersian@persianxi=\count285
\XePersian@latinxii=\count286
\XePersian@persianxii=\count287
\XePersian@persianxiii=\count288
\XePersian@temp=\count289
\XePersian@temptwo=\count290
\XePersian@tempthree=\count291
\XePersian@yModHundred=\count292
\XePersian@thirtytwo=\count293
\XePersian@dn=\count294
\XePersian@sn=\count295
\XePersian@mminusone=\count296
)
(c:/XePersian TeXLive Portable/texlive/texmf-dist/tex/xelatex/xepersian/xepersi
an-mathsdigitspec.sty
Package: xepersian-mathsdigitspec 2011/03/01 v0.9 Unicode Persian maths digits 
in XeLaTeX
 LaTeX info: Defining document command \new@mathbf
(LaTeX)  with arg. spec. 'm' on line 53.

 LaTeX info: Defining document command \new@mathit
(LaTeX)  with arg. spec. 'm' on line 61.

 LaTeX info: Defining document command \new@mathrm
(LaTeX)  with arg. spec. 'm' on line 69.

 LaTeX info: Defining document command \new@mathsf
(LaTeX)  with arg. spec. 'm' on line 77.

 LaTeX info: Defining document command \new@mathtt
(LaTeX)  with arg. spec. 'm' on line 85.

)
(c:/XePersian TeXLive Portable/texlive/texmf-dist/tex/latex/etoolbox/etoolbox.s
ty
Package: etoolbox 2011/01/03 v2.1 e-TeX tools for LaTeX
\etb@tempcnta=\count297
) (c:/XePersian TeXLive Portable/texlive/texmf-dist/tex/latex/bidi/bidi.sty
Package: bidi 2011/03/21 v1.1.7 <commit 150> Bidirectional typesetting in plain
 TeX and LaTeX

bidi package (Support for bidirectional typesetting in plain TeX and LaTeX)
 Description: A convenient interface for typesetting bidirectional
 texts in plain TeX and LaTeX. The package includes adaptations for use
 with many other commonly-used packages.
 Copyright ¬© 2009‚Äì2011 Vafa Khalighi
 v1.1.7, <commit 150>, 2011/03/21
 License: LaTeX Project Public License, version 1.3c or higher (your choice)
 Home: http://bitbucket.org/vafa/bidi
 Location on CTAN: /macros/latex/contrib/bidi
(c:/XePersian TeXLive Portable/texlive/texmf-dist/tex/generic/iftex/iftex.sty
Package: iftex 2010/07/25 v0.2 Provides if(tex) conditional for PDFTeX, XeTeX, 
and LuaTeX
)
(c:/XePersian TeXLive Portable/texlive/texmf-dist/tex/latex/bidi/loadingorder-b
idi.def
File: loadingorder-bidi.def 2011/04/16 v0.6 making sure that bidi is the last p
ackage loaded
)
(c:/XePersian TeXLive Portable/texlive/texmf-dist/tex/latex/bidi/xetex-bidi.def
File: xetex-bidi.def 2010/08/01 v0.8 bidi adaptations for XeTeX engine
\n@everypar=\toks40

(c:/XePersian TeXLive Portable/texlive/texmf-dist/tex/latex/bidi/footnote-xetex
-bidi.def
File: footnote-xetex-bidi.def 2010/07/25 v0.5 bidi footnote macros for XeTeX en
gine
)
(c:/XePersian TeXLive Portable/texlive/texmf-dist/tex/latex/bidi/article-xetex-
bidi.def
File: article-xetex-bidi.def 2010/07/25 v0.4 bidi adaptations for standard arti
cle class for XeTeX engine
)
(c:/XePersian TeXLive Portable/texlive/texmf-dist/tex/latex/bidi/caption-xetex-
bidi.def
File: caption-xetex-bidi.def 2010/07/25 v0.1 bidi adaptations for caption packa
ge for XeTeX engine
)
(c:/XePersian TeXLive Portable/texlive/texmf-dist/tex/latex/bidi/float-xetex-bi
di.def
File: float-xetex-bidi.def 2011/02/06 v0.1 bidi adaptations for float package f
or XeTeX engine
)
(c:/XePersian TeXLive Portable/texlive/texmf-dist/tex/latex/bidi/graphicx-xetex
-bidi.def
File: graphicx-xetex-bidi.def 2010/07/25 v0.3 bidi adaptations for graphicx pac
kage for XeTeX engine
)
(c:/XePersian TeXLive Portable/texlive/texmf-dist/tex/latex/bidi/hyperref-xetex
-bidi.def
File: hyperref-xetex-bidi.def 2010/07/25 v0.4 bidi adaptations for hyperref pac
kage for XeTeX engine
)))
xepersian package (Persian for LaTeX over XeTeX)
 Description: The package supports Persian
 typesetting, using fonts provided in the distribution.
 Copyright ¬© 2008‚Äì2011 Vafa Khalighi
 v1.1.0, <commit 100>, 2011/03/21
 License: LaTeX Project Public License, version 1.3c or higher (your choice)
 Home: http://bitbucket.org/vafa/xepersian
 Location on CTAN: /macros/xetex/latex/xepersian
\g_fontspec_family_lmroman10-regular_int=\count298
 fontspec info: Defining font family 'lmroman10-regular(0)' for font 'lmroman10
-regular' with options [Mapping=tex-text,ExternalLocation,BoldFont={lmroman10-b
old},BoldItalicFont={lmroman10-bolditalic},ItalicFont={lmroman10-italic},SmallC
apsFont={lmromancaps10-regular},SlantedFont={lmromanslant10-regular},BoldSlante
dFont={lmromanslant10-bold}].

\g_fontspec_lmroman10-regular(0)_prop=\toks41
 fontspec info: Defining shape 'normal' with NFSS spec.:
(fontspec)  <->"[lmroman10-regular]/ICU:script=latn;language=DFLT;mapping=tex-t
ext;"

 fontspec info: Defining shape 'small caps' with NFSS spec.:
(fontspec)  <->"[lmromancaps10-regular]/ICU:script=latn;language=DFLT;mapping=t
ex-text;"

 fontspec info: Defining shape 'bold' with NFSS spec.:
(fontspec)  <->"[lmroman10-bold]/ICU:script=latn;language=DFLT;mapping=tex-text
;"

 fontspec info: Defining shape 'bold small caps' with NFSS spec.:
(fontspec)  <->"[lmromancaps10-regular]/ICU:script=latn;language=DFLT;mapping=t
ex-text;"

 fontspec info: Defining shape 'italic' with NFSS spec.:
(fontspec)  <->"[lmroman10-italic]/ICU:script=latn;language=DFLT;mapping=tex-te
xt;"

 fontspec info: Defining shape 'italic small caps' with NFSS spec.:
(fontspec)  <->"[lmromancaps10-regular]/ICU:script=latn;language=DFLT;mapping=t
ex-text;"

 fontspec info: Defining shape 'm/sl' with NFSS spec.:
(fontspec)  <->"[lmromanslant10-regular]/ICU:script=latn;language=DFLT;mapping=
tex-text;"

 fontspec info: Defining shape 'small caps' with NFSS spec.:
(fontspec)  <->"[lmromancaps10-regular]/ICU:script=latn;language=DFLT;mapping=t
ex-text;"

 fontspec info: Defining shape 'bold italic' with NFSS spec.:
(fontspec)  <->"[lmroman10-bolditalic]/ICU:script=latn;language=DFLT;mapping=te
x-text;"

 fontspec info: Defining shape 'bold italic small caps' with NFSS spec.:
(fontspec)  <->"[lmromancaps10-regular]/ICU:script=latn;language=DFLT;mapping=t
ex-text;"

 fontspec info: Defining shape 'bx/sl' with NFSS spec.:
(fontspec)  <->"[lmromanslant10-bold]/ICU:script=latn;language=DFLT;mapping=tex
-text;"

 fontspec info: Defining shape 'bold small caps' with NFSS spec.:
(fontspec)  <->"[lmromancaps10-regular]/ICU:script=latn;language=DFLT;mapping=t
ex-text;"


(c:/XePersian TeXLive Portable/texlive/texmf-dist/tex/xelatex/xepersian/loading
order-bidi-xepersian.def
File: loadingorder-bidi-xepersian.def 2010/07/25 v0.2 making sure that xepersia
n is the last package loaded
)
(c:/XePersian TeXLive Portable/texlive/texmf-dist/tex/xelatex/xepersian/footnot
e-bidi-xepersian.def
File: footnote-bidi-xepersian.def 2010/07/25 v0.2 footnote macros for xepersian
 package
)
(c:/XePersian TeXLive Portable/texlive/texmf-dist/tex/xelatex/xepersian/hyperre
f-xepersian.def
File: hyperref-xepersian.def 2010/07/25 v0.3 bilingual captions for hyperref pa
ckage
)
(c:/XePersian TeXLive Portable/texlive/texmf-dist/tex/xelatex/xepersian/article
-xepersian.def
File: article-xepersian.def 2010/07/25 v0.2 adaptations for standard article cl
ass
)
(c:/XePersian TeXLive Portable/texlive/texmf-dist/tex/xelatex/xepersian/localis
e-xepersian.def
File: localise-xepersian.def 2010/07/25 v0.2a Persian localisation of LaTeX2e

(c:/XePersian TeXLive Portable/texlive/texmf-dist/tex/xelatex/xepersian/command
s-ltx.def
File: commands-ltx.def 2010/07/25 v0.2 Persian localisation of LaTeX2e commands

)
(c:/XePersian TeXLive Portable/texlive/texmf-dist/tex/xelatex/xepersian/command
s-xepersian.def
File: commands-xepersian.def 2010/07/25 v0.1 Persian localisation of XePersian 
commands
)
(c:/XePersian TeXLive Portable/texlive/texmf-dist/tex/xelatex/xepersian/environ
ments-ltx.def
File: environments-ltx.def 2010/07/25 v0.2 Persian localisation of LaTeX2e envi
ronments
)
(c:/XePersian TeXLive Portable/texlive/texmf-dist/tex/xelatex/xepersian/environ
ments-xepersian.def
File: environments-xepersian.def 2010/07/25 v0.1 Persian localisation of XePers
ian and bidi environments
)
(c:/XePersian TeXLive Portable/texlive/texmf-dist/tex/xelatex/xepersian/message
s-localise.def
File: messages-localise.def 2011/03/01 v0.1 localising LaTeX2e messages
)
(c:/XePersian TeXLive Portable/texlive/texmf-dist/tex/xelatex/xepersian/misc-lo
calise-xepersian.def
File: misc-localise-xepersian.def 2011/03/01 v0.1 miscellaneous Persian localis
ation of LaTeX2e
)
(c:/XePersian TeXLive Portable/texlive/texmf-dist/tex/xelatex/xepersian/package
s-localise-xepersian.def
File: packages-localise-xepersian.def 2011/03/01 v0.1 localising LaTeX2e Packag
es
)))
(c:/XePersian TeXLive Portable/texlive/texmf-dist/tex/latex/pdfpages/pdfpages.s
ty
Package: pdfpages 2011/03/10 v0.4n Insert pages of external PDF documents (AM)
 (c:/XePersian TeXLive Portable/texlive/texmf-dist/tex/latex/base/ifthen.sty
Package: ifthen 2001/05/26 v1.1c Standard LaTeX ifthen package (DPC)
)
(c:/XePersian TeXLive Portable/texlive/texmf-dist/tex/latex/eso-pic/eso-pic.sty
Package: eso-pic 2010/10/06 v2.0c eso-pic (RN)
(c:/XePersian TeXLive Portable/texlive/texmf-dist/tex/latex/xcolor/xcolor.sty
Package: xcolor 2007/01/21 v2.11 LaTeX color extensions (UK)

(c:/XePersian TeXLive Portable/texlive/texmf-dist/tex/latex/latexconfig/color.c
fg
File: color.cfg 2007/01/18 v1.5 color configuration of teTeX/TeXLive
)
Package xcolor Info: Driver file: xetex.def on input line 225.
Package xcolor Info: Model `cmy' substituted by `cmy0' on input line 1337.
Package xcolor Info: Model `RGB' extended on input line 1353.
Package xcolor Info: Model `HTML' substituted by `rgb' on input line 1355.
Package xcolor Info: Model `Hsb' substituted by `hsb' on input line 1356.
Package xcolor Info: Model `tHsb' substituted by `hsb' on input line 1357.
Package xcolor Info: Model `HSB' substituted by `hsb' on input line 1358.
Package xcolor Info: Model `Gray' substituted by `gray' on input line 1359.
Package xcolor Info: Model `wave' substituted by `hsb' on input line 1360.
))
(c:/XePersian TeXLive Portable/texlive/texmf-dist/tex/latex/pdfpages/ppxetex.de
f
File: ppxetex.def 2011/03/10 v0.4n Pdfpages driver for XeTeX (AM)
)
\AM@pagebox=\box30
\AM@toc@title=\toks42
\c@AM@survey=\count299
\AM@templatesizebox=\box31
)
(c:/XePersian TeXLive Portable/texlive/texmf-dist/tex/latex/geometry/geometry.s
ty
Package: geometry 2010/09/12 v5.6 Page Geometry
\Gm@cnth=\count300
\Gm@cntv=\count301
\c@Gm@tempcnt=\count302
\Gm@bindingoffset=\dimen123
\Gm@wd@mp=\dimen124
\Gm@odd@mp=\dimen125
\Gm@even@mp=\dimen126
\Gm@layoutwidth=\dimen127
\Gm@layoutheight=\dimen128
\Gm@layouthoffset=\dimen129
\Gm@layoutvoffset=\dimen130
\Gm@dimlist=\toks43
)

Package geometry Warning: Over-specification in `h'-direction.
    `width' (483.69684pt) is ignored.


Package geometry Warning: Over-specification in `v'-direction.
    `height' (731.23582pt) is ignored.

\g_fontspec_family_BBCNassim_int=\count303
 fontspec info: Defining font family 'BBCNassim(0)' for font 'BBCNassim' with o
ptions [Script=Parsi,Language=Parsi,Mapping=parsidigits,].

\g_fontspec_BBCNassim(0)_prop=\toks44
 fontspec info: Defining shape 'normal' with NFSS spec.:
(fontspec)  <->"BBCNassim/ICU:script=arab;language=FAR;mapping=parsidigits;"

 fontspec info: Could not resolve font BBCNassim/B (it probably doesn't exist).


 fontspec info: Could not resolve font BBCNassim/I (it probably doesn't exist).


 fontspec info: Could not resolve font BBCNassim/BI (it probably doesn't exist)
.

 fontspec info: Defining font family 'BBCNassim(1)' for font 'BBCNassim' with o
ptions [Mapping=parsidigits,].

\g_fontspec_BBCNassim(1)_prop=\toks45
 fontspec info: Defining shape 'normal' with NFSS spec.:
(fontspec)  <->"BBCNassim/ICU:script=latn;language=DFLT;mapping=parsidigits;"

 fontspec info: Could not resolve font BBCNassim/B (it probably doesn't exist).


 fontspec info: Could not resolve font BBCNassim/I (it probably doesn't exist).


 fontspec info: Could not resolve font BBCNassim/BI (it probably doesn't exist)
.

Package xepersian-mathsdigitspec Info: Defining the default Persian maths digit
s font as 'BBCNassim' on input line 22.
\symOPERATORS=\mathgroup4
\symnew@mathbf@font@digits=\mathgroup5
\symnew@mathit@font@digits=\mathgroup6
\symnew@mathrm@font@digits=\mathgroup7
(./OOD_third_phase.aux (./Prototype.aux) (./Risks.aux) (./CRC.aux)
(./Usecases.aux) (./ActivityDiagrams.aux) (./ActivityDiagramsWithSwimlane.aux)
(./SequenceDiagrams.aux) (./PackageDiagrams.aux) (./Checklist.aux)
(./Glossary.aux))
\openout1 = `OOD_third_phase.aux'.

LaTeX Font Info:    Checking defaults for OML/cmm/m/it on input line 27.
LaTeX Font Info:    ... okay on input line 27.
LaTeX Font Info:    Checking defaults for T1/cmr/m/n on input line 27.
LaTeX Font Info:    ... okay on input line 27.
LaTeX Font Info:    Checking defaults for OT1/cmr/m/n on input line 27.
LaTeX Font Info:    ... okay on input line 27.
LaTeX Font Info:    Checking defaults for OMS/cmsy/m/n on input line 27.
LaTeX Font Info:    ... okay on input line 27.
LaTeX Font Info:    Checking defaults for OMX/cmex/m/n on input line 27.
LaTeX Font Info:    ... okay on input line 27.
LaTeX Font Info:    Checking defaults for U/cmr/m/n on input line 27.
LaTeX Font Info:    ... okay on input line 27.
LaTeX Font Info:    Checking defaults for PD1/pdf/m/n on input line 27.
LaTeX Font Info:    ... okay on input line 27.
LaTeX Font Info:    Checking defaults for PU/pdf/m/n on input line 27.
LaTeX Font Info:    ... okay on input line 27.
LaTeX Font Info:    Checking defaults for EU1/lmr/m/n on input line 27.
LaTeX Font Info:    ... okay on input line 27.
Package caption Info: Begin \AtBeginDocument code.
Package caption Info: float package is loaded.
Package caption Info: hyperref package is loaded.
Package caption Info: End \AtBeginDocument code.
\AtBeginShipoutBox=\box32
Package hyperref Info: Link coloring ON on input line 27.

(c:/XePersian TeXLive Portable/texlive/texmf-dist/tex/latex/hyperref/nameref.st
y
Package: nameref 2010/04/30 v2.40 Cross-referencing by name of section

(c:/XePersian TeXLive Portable/texlive/texmf-dist/tex/generic/oberdiek/gettitle
string.sty
Package: gettitlestring 2010/12/03 v1.4 Cleanup title references (HO)
)
\c@section@level=\count304
)
LaTeX Info: Redefining \ref on input line 27.
LaTeX Info: Redefining \pageref on input line 27.
LaTeX Info: Redefining \nameref on input line 27.
 (./OOD_third_phase.out) (./OOD_third_phase.out)
\@outlinefile=\write3
\openout3 = `OOD_third_phase.out'.



! Package bidi Error: Oops! you have loaded package xcolor after bidi package. 
Please load package xcolor before bidi package, and then try to run xelatex on 
your document again.

See the bidi package documentation for explanation.
Type  H <return>  for immediate help.
 ...                                              
                                                  
l.27 \begin{document}
                     
This error message was generated by an \errmessage
command, so I can't give any explicit help.
Pretend that you're Hercule Poirot: Examine all clues,
and deduce the truth by order and method.


! Package bidi Error: Oops! you have loaded package pdfpages after bidi package
. Please load package pdfpages before bidi package, and then try to run xelatex
 on your document again.

See the bidi package documentation for explanation.
Type  H <return>  for immediate help.
 ...                                              
                                                  
l.27 \begin{document}
                     
(That was another \errmessage.)

*geometry* driver: auto-detecting
*geometry* detected driver: xetex
*geometry* verbose mode - [ preamble ] result:
* driver: xetex
* paper: a4paper
* layout: <same size as paper>
* layoutoffset:(h,v)=(0.0pt,0.0pt)
* modes: 
* h-part:(L,W,R)=(85.35826pt, 426.79135pt, 85.35826pt)
* v-part:(T,H,B)=(85.35826pt, 674.33032pt, 85.35826pt)
* \paperwidth=597.50787pt
* \paperheight=845.04684pt
* \textwidth=426.79135pt
* \textheight=674.33032pt
* \oddsidemargin=13.08827pt
* \evensidemargin=13.08827pt
* \topmargin=-23.91173pt
* \headheight=12.0pt
* \headsep=25.0pt
* \topskip=10.0pt
* \footskip=30.0pt
* \marginparwidth=65.0pt
* \marginparsep=11.0pt
* \columnsep=10.0pt
* \skip\footins=9.0pt plus 4.0pt minus 2.0pt
* \hoffset=0.0pt
* \voffset=0.0pt
* \mag=1000
* \@twocolumnfalse
* \@twosidefalse
* \@mparswitchfalse
* \@reversemarginfalse
* (1in=72.27pt=25.4mm, 1cm=28.453pt)


LaTeX Font Warning: Font shape `EU1/BBCNassim(0)/bx/n' undefined
(Font)              using `EU1/BBCNassim(0)/m/n' instead on input line 35.


(c:/XePersian TeXLive Portable/texlive/texmf-dist/tex/generic/oberdiek/se-ascii
-print.def
File: se-ascii-print.def 2010/03/01 v1.8 stringenc: Printable ASCII characters
) [1

] (./OOD_third_phase.toc

! Package xcolor Error: Undefined color `Maroon'.

See the xcolor package documentation for explanation.
Type  H <return>  for immediate help.
 ...                                              
                                                  
l.1 ...á‚Äå€å Ÿàÿßÿ≥ÿ∑ ⁄©ÿßÿ±ÿ®ÿ±€å}{3}{section.1}
                                                  
Try typing  <return>  to proceed.
If that doesn't work, type  X <return>  to quit.


! Package xcolor Error: Undefined color `Maroon'.

See the xcolor package documentation for explanation.
Type  H <return>  for immediate help.
 ...                                              
                                                  
l.2 ...™ ÿ≠ÿ≥ÿßÿ® ⁄©ÿßÿ±ÿ®ÿ±€å}{3}{subsection.1.1}
                                                  
Try typing  <return>  to proceed.
If that doesn't work, type  X <return>  to quit.

LaTeX Font Info:    External font `cmex10' loaded for size
(Font)              <7> on input line 2.
LaTeX Font Info:    External font `cmex10' loaded for size
(Font)              <5> on input line 2.

LaTeX Font Warning: Font shape `EU1/BBCNassim(1)/bx/n' undefined
(Font)              using `EU1/BBCNassim(1)/m/n' instead on input line 2.


LaTeX Font Warning: Font shape `EU1/BBCNassim(1)/m/it' undefined
(Font)              using `EU1/BBCNassim(1)/m/n' instead on input line 2.


! Package xcolor Error: Undefined color `Maroon'.

See the xcolor package documentation for explanation.
Type  H <return>  for immediate help.
 ...                                              
                                                  
l.3 ...ÿµŸÅÿ≠ÿßÿ™ ⁄©ÿßÿ±ŸÖŸÜÿØ}{6}{subsection.1.2}
                                                  
Try typing  <return>  to proceed.
If that doesn't work, type  X <return>  to quit.


! Package xcolor Error: Undefined color `Maroon'.

See the xcolor package documentation for explanation.
Type  H <return>  for immediate help.
 ...                                              
                                                  
l.4 ...ŸÖÿØ€åÿ±€åÿ™ Ÿæÿ±Ÿà⁄òŸá}{9}{subsection.1.3}
                                                  
Try typing  <return>  to proceed.
If that doesn't work, type  X <return>  to quit.


! Package xcolor Error: Undefined color `Maroon'.

See the xcolor package documentation for explanation.
Type  H <return>  for immediate help.
 ...                                              
                                                  
l.5 ...ÿßÿ™ ŸÖÿØ€åÿ±€åÿ™ ⁄©ŸÑ}{15}{subsection.1.4}
                                                  
Try typing  <return>  to proceed.
If that doesn't work, type  X <return>  to quit.


! Package xcolor Error: Undefined color `Maroon'.

See the xcolor package documentation for explanation.
Type  H <return>  for immediate help.
 ...                                              
                                                  
l.6 ... ⁄Øÿ≤ÿßÿ±ÿ¥‚Äå⁄Ø€åÿ±€å}{22}{subsection.1.5}
                                                  
Try typing  <return>  to proceed.
If that doesn't work, type  X <return>  to quit.


! Package xcolor Error: Undefined color `Maroon'.

See the xcolor package documentation for explanation.
Type  H <return>  for immediate help.
 ...                                              
                                                  
l.7 ...ÿßÿ±Ÿæ€åÿ¥‚Äåÿ®€åŸÜ€å }{25}{subsection.1.6}
                                                  
Try typing  <return>  to proceed.
If that doesn't work, type  X <return>  to quit.


! Package xcolor Error: Undefined color `Maroon'.

See the xcolor package documentation for explanation.
Type  H <return>  for immediate help.
 ...                                              
                                                  
l.8 ...ÿ¥ÿØŸá‚Äå€å ÿ±€åÿ≥⁄©‚ÄåŸáÿß}{28}{section.2}
                                                  
Try typing  <return>  to proceed.
If that doesn't work, type  X <return>  to quit.


! Package xcolor Error: Undefined color `Maroon'.

See the xcolor package documentation for explanation.
Type  H <return>  for immediate help.
 ...                                              
                                                  
l.9 ...Ÿá‚ÄåŸáÿß€å Ÿæÿ±Ÿà⁄òŸá}{28}{subsection.2.1}
                                                  
Try typing  <return>  to proceed.
If that doesn't work, type  X <return>  to quit.


! Package xcolor Error: Undefined color `Maroon'.

See the xcolor package documentation for explanation.
Type  H <return>  for immediate help.
 ...                                              
                                                  
l.10 ...®ÿßÿ∑ ÿ®ÿß ŸÖÿ¥ÿ™ÿ±€å}{28}{subsection.2.2}
                                                  
Try typing  <return>  to proceed.
If that doesn't work, type  X <return>  to quit.


! Package xcolor Error: Undefined color `Maroon'.

See the xcolor package documentation for explanation.
Type  H <return>  for immediate help.
 ...                                              
                                                  
l.11 ...ŸàŸÖÿ™ ⁄©ÿßÿ±ÿ®ÿ±ÿßŸÜ}{28}{subsection.2.3}
                                                  
Try typing  <return>  to proceed.
If that doesn't work, type  X <return>  to quit.


! Package xcolor Error: Undefined color `Maroon'.

See the xcolor package documentation for explanation.
Type  H <return>  for immediate help.
 ...                                              
                                                  
l.12 ...ŸàŸÅŸÇ€åÿ™ Ÿæÿ±Ÿà⁄òŸá}{28}{subsection.2.4}
                                                  
Try typing  <return>  to proceed.
If that doesn't work, type  X <return>  to quit.


! Package xcolor Error: Undefined color `Maroon'.

See the xcolor package documentation for explanation.
Type  H <return>  for immediate help.
 ...                                              
                                                  
l.13 ...5}⁄©ŸÖÿ®ŸàÿØ ÿ≤ŸÖÿßŸÜ}{29}{subsection.2.5}
                                                  
Try typing  <return>  to proceed.
If that doesn't work, type  X <return>  to quit.


! Package xcolor Error: Undefined color `Maroon'.

See the xcolor package documentation for explanation.
Type  H <return>  for immediate help.
 ...                                              
                                                  
l.14 ...€åÿßÿ≤ŸÖŸÜÿØ€å‚ÄåŸáÿß}{29}{subsection.2.6}
                                                  
Try typing  <return>  to proceed.
If that doesn't work, type  X <return>  to quit.


! Package xcolor Error: Undefined color `Maroon'.

See the xcolor package documentation for explanation.
Type  H <return>  for immediate help.
 ...                                              
                                                  
l.15 ...ÿπ ŸÖŸàÿ±ÿØ ŸÜ€åÿßÿ≤)}{29}{subsection.2.7}
                                                  
Try typing  <return>  to proceed.
If that doesn't work, type  X <return>  to quit.


! Package xcolor Error: Undefined color `Maroon'.

See the xcolor package documentation for explanation.
Type  H <return>  for immediate help.
 ...                                              
                                                  
l.16 ...ßÿØŸá ÿØÿ± Ÿæÿ±Ÿà⁄òŸá}{29}{subsection.2.8}
                                                  
Try typing  <return>  to proceed.
If that doesn't work, type  X <return>  to quit.


! Package xcolor Error: Undefined color `Maroon'.

See the xcolor package documentation for explanation.
Type  H <return>  for immediate help.
 ...                                              
                                                  
l.17 ...e {3}ÿ±€åÿ≥⁄© ÿ™⁄©ŸÜ€å⁄©€å}{31}{section.3}
                                                  
Try typing  <return>  to proceed.
If that doesn't work, type  X <return>  to quit.


! Package xcolor Error: Undefined color `Maroon'.

See the xcolor package documentation for explanation.
Type  H <return>  for immediate help.
 ...                                              
                                                  
l.18 ...€å ŸÜ€åÿßÿ≤ŸÖŸÜÿØ€å‚ÄåŸáÿß}{32}{section.4}
                                                  
Try typing  <return>  to proceed.
If that doesn't work, type  X <return>  to quit.


! Package xcolor Error: Undefined color `Maroon'.

See the xcolor package documentation for explanation.
Type  H <return>  for immediate help.
 ...                                              
                                                  
l.19 ... Significant Requirements}}{33}{section.5}
                                                  
Try typing  <return>  to proceed.
If that doesn't work, type  X <return>  to quit.


! Package xcolor Error: Undefined color `Maroon'.

See the xcolor package documentation for explanation.
Type  H <return>  for immediate help.
 ...                                              
                                                  
l.20 ...le Architectural Baseline}}{33}{section.6}
                                                  
Try typing  <return>  to proceed.
If that doesn't work, type  X <return>  to quit.


! Package xcolor Error: Undefined color `Maroon'.

See the xcolor package documentation for explanation.
Type  H <return>  for immediate help.
 ...                                              
                                                  
l.21 ...e {7}⁄©ÿßÿ±ÿ™‚ÄåŸáÿß€å CRC}{34}{section.7}
                                                  
Try typing  <return>  to proceed.
If that doesn't work, type  X <return>  to quit.


! Package xcolor Error: Undefined color `Maroon'.

See the xcolor package documentation for explanation.
Type  H <return>  for immediate help.
 ...                                              
                                                  
l.22 ...≥ÿßÿÆÿ™ÿßÿ±ÿØŸá€å‚Äåÿ¥ÿØŸá}{37}{section.8}
                                                  
Try typing  <return>  to proceed.
If that doesn't work, type  X <return>  to quit.


! Package xcolor Error: Undefined color `Maroon'.

See the xcolor package documentation for explanation.
Type  H <return>  for immediate help.
 ...                                              
                                                  
l.23 ...€åÿ≥ÿ™ŸÖ ⁄©ÿßÿ±ÿ®ÿ±€å}{37}{subsection.8.1}
                                                  
Try typing  <return>  to proceed.
If that doesn't work, type  X <return>  to quit.


! Package xcolor Error: Undefined color `Maroon'.

See the xcolor package documentation for explanation.
Type  H <return>  for immediate help.
 ...                                              
                                                  
l.24 ...åÿØ Ÿà ŸÜ⁄ØŸáÿØÿßÿ±€å}{43}{subsection.8.2}
                                                  
Try typing  <return>  to proceed.
If that doesn't work, type  X <return>  to quit.


! Package xcolor Error: Undefined color `Maroon'.

See the xcolor package documentation for explanation.
Type  H <return>  for immediate help.
 ...                                              
                                                  
l.25 ...ÿ≥€åÿ≥ÿ™ŸÖ ÿ™Ÿàÿ≤€åÿπ}{51}{subsection.8.3}
                                                  
Try typing  <return>  to proceed.
If that doesn't work, type  X <return>  to quit.


! Package xcolor Error: Undefined color `Maroon'.

See the xcolor package documentation for explanation.
Type  H <return>  for immediate help.
 ...                                              
                                                  
l.26 ...⁄Øÿ≤ÿßÿ±ÿ¥‚Äå⁄Ø€åÿ±€å}{54}{subsection.8.4}
                                                  
Try typing  <return>  to proceed.
If that doesn't work, type  X <return>  to quit.


! Package xcolor Error: Undefined color `Maroon'.

See the xcolor package documentation for explanation.
Type  H <return>  for immediate help.
 ...                                              
                                                  
l.27 ...™ŸÖ Ÿæ€åÿ¥‚Äåÿ®€åŸÜ€å}{57}{subsection.8.5}
                                                  
Try typing  <return>  to proceed.
If that doesn't work, type  X <return>  to quit.


! Package xcolor Error: Undefined color `Maroon'.

See the xcolor package documentation for explanation.
Type  H <return>  for immediate help.
 ...                                              
                                                  
l.28 ...àÿØÿßÿ±Ÿáÿß€å ŸÅÿπÿßŸÑ€åÿ™}{59}{section.9}
                                                  
Try typing  <return>  to proceed.
If that doesn't work, type  X <return>  to quit.


! Package xcolor Error: Undefined color `Maroon'.

See the xcolor package documentation for explanation.
Type  H <return>  for immediate help.
 ...                                              
                                                  
l.29 ...€åÿ≥ÿ™ŸÖ ⁄©ÿßÿ±ÿ®ÿ±€å}{59}{subsection.9.1}
                                                  
Try typing  <return>  to proceed.
If that doesn't work, type  X <return>  to quit.


! Package xcolor Error: Undefined color `Maroon'.

See the xcolor package documentation for explanation.
Type  H <return>  for immediate help.
 ...                                              
                                                  
l.30 ...åÿØ Ÿà ŸÜ⁄ØŸáÿØÿßÿ±€å}{74}{subsection.9.2}
                                                  
Try typing  <return>  to proceed.
If that doesn't work, type  X <return>  to quit.


! Package xcolor Error: Undefined color `Maroon'.

See the xcolor package documentation for explanation.
Type  H <return>  for immediate help.
 ...                                              
                                                  
l.31 ...ÿ≥€åÿ≥ÿ™ŸÖ ÿ™Ÿàÿ≤€åÿπ}{90}{subsection.9.3}
                                                  
Try typing  <return>  to proceed.
If that doesn't work, type  X <return>  to quit.


! Package xcolor Error: Undefined color `Maroon'.

See the xcolor package documentation for explanation.
Type  H <return>  for immediate help.
 ...                                              
                                                  
l.32 ...⁄Øÿ≤ÿßÿ±ÿ¥‚Äå⁄Ø€åÿ±€å}{95}{subsection.9.4}
                                                  
Try typing  <return>  to proceed.
If that doesn't work, type  X <return>  to quit.


! Package xcolor Error: Undefined color `Maroon'.

See the xcolor package documentation for explanation.
Type  H <return>  for immediate help.
 ...                                              
                                                  
l.33 ...™ŸÖ Ÿæ€åÿ¥‚Äåÿ®€åŸÜ€å}{98}{subsection.9.5}
                                                  
Try typing  <return>  to proceed.
If that doesn't work, type  X <return>  to quit.


! Package xcolor Error: Undefined color `Maroon'.

See the xcolor package documentation for explanation.
Type  H <return>  for immediate help.
 ...                                              
                                                  
l.34 ...ÿßŸÑ€åÿ™ ÿ∫ŸÜ€å‚Äåÿ¥ÿØŸá}{100}{section.10}
                                                  
Try typing  <return>  to proceed.
If that doesn't work, type  X <return>  to quit.


! Package xcolor Error: Undefined color `Maroon'.

See the xcolor package documentation for explanation.
Type  H <return>  for immediate help.
 ...                                              
                                                  
l.35 ...ÿ≥ÿ™ŸÖ ⁄©ÿßÿ±ÿ®ÿ±€å}{100}{subsection.10.1}
                                                  
Try typing  <return>  to proceed.
If that doesn't work, type  X <return>  to quit.


! Package xcolor Error: Undefined color `Maroon'.

See the xcolor package documentation for explanation.
Type  H <return>  for immediate help.
 ...                                              
                                                  
l.36 ...Ø Ÿà ŸÜ⁄ØŸáÿØÿßÿ±€å}{115}{subsection.10.2}
                                                  
Try typing  <return>  to proceed.
If that doesn't work, type  X <return>  to quit.


! Package xcolor Error: Undefined color `Maroon'.

See the xcolor package documentation for explanation.
Type  H <return>  for immediate help.
 ...                                              
                                                  
l.37 ...€åÿ≥ÿ™ŸÖ ÿ™Ÿàÿ≤€åÿπ}{131}{subsection.10.3}
                                                  
Try typing  <return>  to proceed.
If that doesn't work, type  X <return>  to quit.


! Package xcolor Error: Undefined color `Maroon'.

See the xcolor package documentation for explanation.
Type  H <return>  for immediate help.
 ...                                              
                                                  
l.38 ...ÿ≤ÿßÿ±ÿ¥‚Äå⁄Ø€åÿ±€å}{136}{subsection.10.4}
                                                  
Try typing  <return>  to proceed.
If that doesn't work, type  X <return>  to quit.


! Package xcolor Error: Undefined color `Maroon'.

See the xcolor package documentation for explanation.
Type  H <return>  for immediate help.
 ...                                              
                                                  
l.39 ...Ö Ÿæ€åÿ¥‚Äåÿ®€åŸÜ€å}{139}{subsection.10.5}
                                                  
Try typing  <return>  to proceed.
If that doesn't work, type  X <return>  to quit.


! Package xcolor Error: Undefined color `Maroon'.

See the xcolor package documentation for explanation.
Type  H <return>  for immediate help.
 ...                                              
                                                  
l.40 ...€å ÿ™ŸàÿßŸÑ€å ÿ™ÿ≠ŸÑ€åŸÑ}{141}{section.11}
                                                  
Try typing  <return>  to proceed.
If that doesn't work, type  X <return>  to quit.


! Package xcolor Error: Undefined color `Maroon'.

See the xcolor package documentation for explanation.
Type  H <return>  for immediate help.
 ...                                              
                                                  
l.41 ...ÿ≥ÿ™ŸÖ ⁄©ÿßÿ±ÿ®ÿ±€å}{141}{subsection.11.1}
                                                  
Try typing  <return>  to proceed.
If that doesn't work, type  X <return>  to quit.


! Package xcolor Error: Undefined color `Maroon'.

See the xcolor package documentation for explanation.
Type  H <return>  for immediate help.
 ...                                              
                                                  
l.42 ...Ø Ÿà ŸÜ⁄ØŸáÿØÿßÿ±€å}{172}{subsection.11.2}
                                                  
Try typing  <return>  to proceed.
If that doesn't work, type  X <return>  to quit.


! Package xcolor Error: Undefined color `Maroon'.

See the xcolor package documentation for explanation.
Type  H <return>  for immediate help.
 ...                                              
                                                  
l.43 ...€åÿ≥ÿ™ŸÖ ÿ™Ÿàÿ≤€åÿπ}{204}{subsection.11.3}
                                                  
Try typing  <return>  to proceed.
If that doesn't work, type  X <return>  to quit.


! Package xcolor Error: Undefined color `Maroon'.

See the xcolor package documentation for explanation.
Type  H <return>  for immediate help.
 ...                                              
                                                  
l.44 ...ÿ≤ÿßÿ±ÿ¥‚Äå⁄Ø€åÿ±€å}{215}{subsection.11.4}
                                                  
Try typing  <return>  to proceed.
If that doesn't work, type  X <return>  to quit.


! Package xcolor Error: Undefined color `Maroon'.

See the xcolor package documentation for explanation.
Type  H <return>  for immediate help.
 ...                                              
                                                  
l.45 ...Ö Ÿæ€åÿ¥‚Äåÿ®€åŸÜ€å}{221}{subsection.11.5}
                                                  
Try typing  <return>  to proceed.
If that doesn't work, type  X <return>  to quit.


! Package xcolor Error: Undefined color `Maroon'.

See the xcolor package documentation for explanation.
Type  H <return>  for immediate help.
 ...                                              
                                                  
l.46 ...ÿßÿ≥‚ÄåŸáÿß€å ÿ™ÿ≠ŸÑ€åŸÑ}{225}{section.12}
                                                  
Try typing  <return>  to proceed.
If that doesn't work, type  X <return>  to quit.

[1]

! Package xcolor Error: Undefined color `Maroon'.

See the xcolor package documentation for explanation.
Type  H <return>  for immediate help.
 ...                                              
                                                  
l.47 ...ÖŸàÿØÿßÿ±Ÿáÿß€å ÿ®ÿ≥ÿ™Ÿá}{226}{section.13}
                                                  
Try typing  <return>  to proceed.
If that doesn't work, type  X <return>  to quit.


! Package xcolor Error: Undefined color `Maroon'.

See the xcolor package documentation for explanation.
Type  H <return>  for immediate help.
 ...                                              
                                                  
l.48 ...ßÿ± ÿ®ÿ≥ÿ™Ÿá ⁄©ŸÑ€å}{226}{subsection.13.1}
                                                  
Try typing  <return>  to proceed.
If that doesn't work, type  X <return>  to quit.


! Package xcolor Error: Undefined color `Maroon'.

See the xcolor package documentation for explanation.
Type  H <return>  for immediate help.
 ...                                              
                                                  
l.49 ...€åÿ±€åÿ™ Ÿæÿ±Ÿà⁄òŸá}{227}{subsection.13.2}
                                                  
Try typing  <return>  to proceed.
If that doesn't work, type  X <return>  to quit.


! Package xcolor Error: Undefined color `Maroon'.

See the xcolor package documentation for explanation.
Type  H <return>  for immediate help.
 ...                                              
                                                  
l.50 ...€åÿ±€åÿ™ ŸÖŸÜÿßÿ®ÿπ}{228}{subsection.13.3}
                                                  
Try typing  <return>  to proceed.
If that doesn't work, type  X <return>  to quit.


! Package xcolor Error: Undefined color `Maroon'.

See the xcolor package documentation for explanation.
Type  H <return>  for immediate help.
 ...                                              
                                                  
l.51 ...± Ÿæ€åÿ¥‚Äåÿ®€åŸÜ€å}{229}{subsection.13.4}
                                                  
Try typing  <return>  to proceed.
If that doesn't work, type  X <return>  to quit.


! Package xcolor Error: Undefined color `Maroon'.

See the xcolor package documentation for explanation.
Type  H <return>  for immediate help.
 ...                                              
                                                  
l.52 ...ÿ≤ÿßÿ±ÿ¥‚Äå⁄Ø€åÿ±€å}{230}{subsection.13.5}
                                                  
Try typing  <return>  to proceed.
If that doesn't work, type  X <return>  to quit.


! Package xcolor Error: Undefined color `Maroon'.

See the xcolor package documentation for explanation.
Type  H <return>  for immediate help.
 ...                                              
                                                  
l.53 ...ŸÅÿßÿ≤ ÿØŸàŸÖ Ÿæÿ±Ÿà⁄òŸá}{231}{section.14}
                                                  
Try typing  <return>  to proceed.
If that doesn't work, type  X <return>  to quit.


! Package xcolor Error: Undefined color `Maroon'.

See the xcolor package documentation for explanation.
Type  H <return>  for immediate help.
 ...                                              
                                                  
l.54 ... {15}Ÿàÿß⁄òŸá‚ÄåŸÜÿßŸÖŸá}{232}{section.15}
                                                  
Try typing  <return>  to proceed.
If that doesn't work, type  X <return>  to quit.


! Package xcolor Error: Undefined color `Maroon'.

See the xcolor package documentation for explanation.
Type  H <return>  for immediate help.
 ...                                              
                                                  
l.55 ...åÿ¥ÿØŸá‚Äå€å ⁄Øÿ±ŸàŸá‚Äå}{233}{section.16}
                                                  
Try typing  <return>  to proceed.
If that doesn't work, type  X <return>  to quit.

)
\tf@toc=\write4
\openout4 = `OOD_third_phase.toc'.

 [2]
\openout2 = `Prototype.aux'.

 (./Prototype.tex
File: Prototype/Accounting/HomePage.png Graphic file (type QTm)
 <use  "Prototype/Accounting/HomePage.png" >
File: Prototype/Accounting/Login.png Graphic file (type QTm)

<use  "Prototype/Accounting/Login.png" > [3

]
File: Prototype/Accounting/Register.png Graphic file (type QTm)

<use  "Prototype/Accounting/Register.png" >
File: Prototype/Accounting/ChangePassword.png Graphic file (type QTm)

<use  "Prototype/Accounting/ChangePassword.png" > [4]
File: Prototype/Accounting/PersonalInformation.png Graphic file (type QTm)

<use  "Prototype/Accounting/PersonalInformation.png" >
File: Prototype/Accounting/EditPersonalInformation.png Graphic file (type QTm)

<use  "Prototype/Accounting/EditPersonalInformation.png" > [5]
File: Prototype/Employee/EmployeePanel.png Graphic file (type QTm)

<use  "Prototype/Employee/EmployeePanel.png" > [6]
File: Prototype/Employee/ChangeModuleInformation.png Graphic file (type QTm)

<use  "Prototype/Employee/ChangeModuleInformation.png" >
File: Prototype/Employee/ChangeOneModule.png Graphic file (type QTm)

<use  "Prototype/Employee/ChangeOneModule.png" > [7]
File: Prototype/Employee/TasksList.png Graphic file (type QTm)

<use  "Prototype/Employee/TasksList.png" > [8]
File: Prototype/ProjectManager/ProjectsList.png Graphic file (type QTm)

<use  "Prototype/ProjectManager/ProjectsList.png" > [9]
File: Prototype/ProjectManager/ProjectManagementMainPanel.png Graphic file (typ
e QTm)

<use  "Prototype/ProjectManager/ProjectManagementMainPanel.png" >
File: Prototype/ProjectManager/ProjectInformation.png Graphic file (type QTm)

<use  "Prototype/ProjectManager/ProjectInformation.png" > [10]
File: Prototype/ProjectManager/ProjectModulesList.png Graphic file (type QTm)

<use  "Prototype/ProjectManager/ProjectModulesList.png" >
File: Prototype/ProjectManager/ModuleInformation.png Graphic file (type QTm)

<use  "Prototype/ProjectManager/ModuleInformation.png" > [11]
File: Prototype/ProjectManager/ProjectResourcesList.png Graphic file (type QTm)


<use  "Prototype/ProjectManager/ProjectResourcesList.png" >
File: Prototype/ProjectManager/ResourceInformation.png Graphic file (type QTm)

<use  "Prototype/ProjectManager/ResourceInformation.png" > [12]
File: Prototype/ProjectManager/ProjectTasks1.png Graphic file (type QTm)

<use  "Prototype/ProjectManager/ProjectTasks1.png" >
File: Prototype/ProjectManager/ProjectTasks2.png Graphic file (type QTm)

<use  "Prototype/ProjectManager/ProjectTasks2.png" > [13]
File: Prototype/ProjectManager/ProjectRequirements.png Graphic file (type QTm)

<use  "Prototype/ProjectManager/ProjectRequirements.png" > [14]
File: Prototype/HeadManager/HeadManagerMainPanel.png Graphic file (type QTm)

<use  "Prototype/HeadManager/HeadManagerMainPanel.png" > [15]
File: Prototype/HeadManager/AccountManager.png Graphic file (type QTm)

<use  "Prototype/HeadManager/AccountManager.png" > [16]
File: Prototype/HeadManager/VerifiedAccountsList.png Graphic file (type QTm)

<use  "Prototype/HeadManager/VerifiedAccountsList.png" >
File: Prototype/HeadManager/UnverifiedAccountsList.png Graphic file (type QTm)

<use  "Prototype/HeadManager/UnverifiedAccountsList.png" > [17]
File: Prototype/HeadManager/ChangePosition.png Graphic file (type QTm)

<use  "Prototype/HeadManager/ChangePosition.png" > [18]
File: Prototype/HeadManager/ProjectsManagement.png Graphic file (type QTm)

<use  "Prototype/HeadManager/ProjectsManagement.png" >
File: Prototype/HeadManager/HeadManagerProjectsList.png Graphic file (type QTm)


<use  "Prototype/HeadManager/HeadManagerProjectsList.png" > [19]
File: Prototype/HeadManager/ResourceAssigment.png Graphic file (type QTm)

<use  "Prototype/HeadManager/ResourceAssigment.png" >
File: Prototype/HeadManager/CreateNewProject.png Graphic file (type QTm)

<use  "Prototype/HeadManager/CreateNewProject.png" > [20]
File: Prototype/HeadManager/ManageAllResources.png Graphic file (type QTm)

<use  "Prototype/HeadManager/ManageAllResources.png" > [21]
File: Prototype/Reporting/ReportHomePage.png Graphic file (type QTm)

<use  "Prototype/Reporting/ReportHomePage.png" > [22]
File: Prototype/Reporting/ResourceReport.png Graphic file (type QTm)

<use  "Prototype/Reporting/ResourceReport.png" >
File: Prototype/Reporting/ResourceUsageReport.png Graphic file (type QTm)

<use  "Prototype/Reporting/ResourceUsageReport.png" > [23]
File: Prototype/Reporting/ResourceRequirementsReport.png Graphic file (type QTm
)

<use  "Prototype/Reporting/ResourceRequirementsReport.png" > [24]
File: Prototype/Predict/PredictHomePage.png Graphic file (type QTm)

<use  "Prototype/Predict/PredictHomePage.png" > [25]
File: Prototype/Predict/ResourcePrediction.png Graphic file (type QTm)

<use  "Prototype/Predict/ResourcePrediction.png" >
File: Prototype/Predict/RequirementsPrediction.png Graphic file (type QTm)

<use  "Prototype/Predict/RequirementsPrediction.png" > [26]
File: Prototype/Predict/Result.png Graphic file (type QTm)

<use  "Prototype/Predict/Result.png" >) [27]
\openout2 = `Risks.aux'.

 (./Risks.tex [28


] [29]) [30]
[31

] [32]

Package hyperref Warning: Token not allowed in a PDF string (Unicode):
(hyperref)                removing `\afterassignment' on input line 106.


Package hyperref Warning: Token not allowed in a PDF string (Unicode):
(hyperref)                removing `\errmessage' on input line 106.


Package hyperref Warning: Token not allowed in a PDF string (Unicode):
(hyperref)                removing `\aftergroup' on input line 106.


Package hyperref Warning: Token not allowed in a PDF string (Unicode):
(hyperref)                removing `\endL' on input line 106.


Package hyperref Warning: Token not allowed in a PDF string (Unicode):
(hyperref)                removing `\beginL' on input line 106.


Package hyperref Warning: Token not allowed in a PDF string (Unicode):
(hyperref)                removing `\let' on input line 106.


Package hyperref Warning: Token not allowed in a PDF string (Unicode):
(hyperref)                removing `\<let>-command' on input line 106.


Package hyperref Warning: Token not allowed in a PDF string (Unicode):
(hyperref)                removing `\n@xt' on input line 106.


Package hyperref Warning: Token not allowed in a PDF string (Unicode):
(hyperref)                removing `\afterassignment' on input line 119.


Package hyperref Warning: Token not allowed in a PDF string (Unicode):
(hyperref)                removing `\errmessage' on input line 119.


Package hyperref Warning: Token not allowed in a PDF string (Unicode):
(hyperref)                removing `\aftergroup' on input line 119.


Package hyperref Warning: Token not allowed in a PDF string (Unicode):
(hyperref)                removing `\endL' on input line 119.


Package hyperref Warning: Token not allowed in a PDF string (Unicode):
(hyperref)                removing `\beginL' on input line 119.


Package hyperref Warning: Token not allowed in a PDF string (Unicode):
(hyperref)                removing `\let' on input line 119.


Package hyperref Warning: Token not allowed in a PDF string (Unicode):
(hyperref)                removing `\<let>-command' on input line 119.


Package hyperref Warning: Token not allowed in a PDF string (Unicode):
(hyperref)                removing `\n@xt' on input line 119.


! LaTeX Error: There's no line here to end.

See the LaTeX manual or LaTeX Companion for explanation.
Type  H <return>  for immediate help.
 ...                                              
                                                  
l.136 
      
Your command was ignored.
Type  I <command> <return>  to replace it with another command,
or  <return>  to continue without it.

[33]
\openout2 = `CRC.aux'.

 (./CRC.tex [34

] [35]) [36]
\openout2 = `Usecases.aux'.

 (./Usecases.tex
File: Diagrams/Accounting.jpg Graphic file (type QTm)

<use  "Diagrams/Accounting.jpg" > [37


] [38] [39] [40] [41] [42]
File: Diagrams/Development.jpg Graphic file (type QTm)

<use  "Diagrams/Development.jpg" > [43] [44] [45] [46] [47] [48] [49] [50]
File: Diagrams/Resources.jpg Graphic file (type QTm)

<use  "Diagrams/Resources.jpg" > [51] [52] [53]
File: Diagrams/Reporting.jpg Graphic file (type QTm)

<use  "Diagrams/Reporting.jpg" > [54] [55] [56]
File: Diagrams/Anticipating.jpg Graphic file (type QTm)

<use  "Diagrams/Anticipating.jpg" > [57]) [58]
\openout2 = `ActivityDiagrams.aux'.

 (./ActivityDiagrams.tex
File: ActivityDiagrams/1.png Graphic file (type QTm)

<use  "ActivityDiagrams/1.png" > [59


]
File: ActivityDiagrams/2.png Graphic file (type QTm)
 <use  "ActivityDiagrams/2.png" > [60]
File: ActivityDiagrams/3.png Graphic file (type QTm)

<use  "ActivityDiagrams/3.png" > [61]
File: ActivityDiagrams/4.png Graphic file (type QTm)
 <use  "ActivityDiagrams/4.png" > [62]
File: ActivityDiagrams/5.png Graphic file (type QTm)

<use  "ActivityDiagrams/5.png" > [63]
File: ActivityDiagrams/6.png Graphic file (type QTm)
 <use  "ActivityDiagrams/6.png" > [64]
File: ActivityDiagrams/7.png Graphic file (type QTm)

<use  "ActivityDiagrams/7.png" > [65]
File: ActivityDiagrams/8.png Graphic file (type QTm)
 <use  "ActivityDiagrams/8.png" > [66]
File: ActivityDiagrams/9.png Graphic file (type QTm)

<use  "ActivityDiagrams/9.png" > [67]
File: ActivityDiagrams/10.png Graphic file (type QTm)
 <use  "ActivityDiagrams/10.png" >
[68]
File: ActivityDiagrams/11.png Graphic file (type QTm)
 <use  "ActivityDiagrams/11.png" > [69]
File: ActivityDiagrams/12.png Graphic file (type QTm)
 <use  "ActivityDiagrams/12.png" >
[70]
File: ActivityDiagrams/13.png Graphic file (type QTm)
 <use  "ActivityDiagrams/13.png" > [71]
File: ActivityDiagrams/14.png Graphic file (type QTm)
 <use  "ActivityDiagrams/14.png" >
[72]
File: ActivityDiagrams/15.png Graphic file (type QTm)
 <use  "ActivityDiagrams/15.png" > [73]
File: ActivityDiagrams/16.jpg Graphic file (type QTm)
 <use  "ActivityDiagrams/16.jpg" >
[74]
File: ActivityDiagrams/17.jpg Graphic file (type QTm)
 <use  "ActivityDiagrams/17.jpg" >
Overfull \vbox (26.0172pt too high) has occurred while \output is active []


[75]
File: ActivityDiagrams/18.jpg Graphic file (type QTm)
 <use  "ActivityDiagrams/18.jpg" > [76]
File: ActivityDiagrams/19.jpg Graphic file (type QTm)
 <use  "ActivityDiagrams/19.jpg" >
[77]
File: ActivityDiagrams/20.jpg Graphic file (type QTm)
 <use  "ActivityDiagrams/20.jpg" > [78]
File: ActivityDiagrams/24.jpg Graphic file (type QTm)
 <use  "ActivityDiagrams/24.jpg" >
Overfull \vbox (73.88pt too high) has occurred while \output is active []

 [79]
File: ActivityDiagrams/25.jpg Graphic file (type QTm)

<use  "ActivityDiagrams/25.jpg" > [80]
File: ActivityDiagrams/26.jpg Graphic file (type QTm)
 <use  "ActivityDiagrams/26.jpg" >
Overfull \vbox (24.60518pt too high) has occurred while \output is active []


[81]
File: ActivityDiagrams/27.jpg Graphic file (type QTm)
 <use  "ActivityDiagrams/27.jpg" > [82]
File: ActivityDiagrams/28.jpg Graphic file (type QTm)
 <use  "ActivityDiagrams/28.jpg" >
[83]
File: ActivityDiagrams/29.jpg Graphic file (type QTm)
 <use  "ActivityDiagrams/29.jpg" > [84]
File: ActivityDiagrams/30.jpg Graphic file (type QTm)
 <use  "ActivityDiagrams/30.jpg" >
[85]
File: ActivityDiagrams/31.jpg Graphic file (type QTm)
 <use  "ActivityDiagrams/31.jpg" > [86]
File: ActivityDiagrams/32.jpg Graphic file (type QTm)
 <use  "ActivityDiagrams/32.jpg" >
[87]
File: ActivityDiagrams/33.jpg Graphic file (type QTm)
 <use  "ActivityDiagrams/33.jpg" > [88]
File: ActivityDiagrams/34.jpg Graphic file (type QTm)
 <use  "ActivityDiagrams/34.jpg" >
File: ActivityDiagrams/35.jpg Graphic file (type QTm)

<use  "ActivityDiagrams/35.jpg" > [89] [90]
File: ActivityDiagrams/36.jpg Graphic file (type QTm)
 <use  "ActivityDiagrams/36.jpg" >
Overfull \vbox (44.60449pt too high) has occurred while \output is active []


[91]
File: ActivityDiagrams/37.jpg Graphic file (type QTm)
 <use  "ActivityDiagrams/37.jpg" > [92]
File: ActivityDiagrams/38.jpg Graphic file (type QTm)
 <use  "ActivityDiagrams/38.jpg" >
[93]
File: ActivityDiagrams/39.jpg Graphic file (type QTm)
 <use  "ActivityDiagrams/39.jpg" > [94]
File: ActivityDiagrams/40.jpg Graphic file (type QTm)
 <use  "ActivityDiagrams/40.jpg" >
[95]
File: ActivityDiagrams/41.jpg Graphic file (type QTm)
 <use  "ActivityDiagrams/41.jpg" > [96]
File: ActivityDiagrams/42.jpg Graphic file (type QTm)
 <use  "ActivityDiagrams/42.jpg" >
[97]
File: ActivityDiagrams/44.jpg Graphic file (type QTm)
 <use  "ActivityDiagrams/44.jpg" > [98]
File: ActivityDiagrams/45.jpg Graphic file (type QTm)
 <use  "ActivityDiagrams/45.jpg" >)
[99]
\openout2 = `ActivityDiagramsWithSwimlane.aux'.

 (./ActivityDiagramsWithSwimlane.tex
File: ActivityDiagramsWithSwimlanes/1.png Graphic file (type QTm)

<use  "ActivityDiagramsWithSwimlanes/1.png" > [100


]
File: ActivityDiagramsWithSwimlanes/2.png Graphic file (type QTm)

<use  "ActivityDiagramsWithSwimlanes/2.png" > [101]
File: ActivityDiagramsWithSwimlanes/3.png Graphic file (type QTm)

<use  "ActivityDiagramsWithSwimlanes/3.png" > [102]
File: ActivityDiagramsWithSwimlanes/4.png Graphic file (type QTm)

<use  "ActivityDiagramsWithSwimlanes/4.png" > [103]
File: ActivityDiagramsWithSwimlanes/5.png Graphic file (type QTm)

<use  "ActivityDiagramsWithSwimlanes/5.png" > [104]
File: ActivityDiagramsWithSwimlanes/6.png Graphic file (type QTm)

<use  "ActivityDiagramsWithSwimlanes/6.png" > [105]
File: ActivityDiagramsWithSwimlanes/7.png Graphic file (type QTm)

<use  "ActivityDiagramsWithSwimlanes/7.png" > [106]
File: ActivityDiagramsWithSwimlanes/8.png Graphic file (type QTm)

<use  "ActivityDiagramsWithSwimlanes/8.png" > [107]
File: ActivityDiagramsWithSwimlanes/9.png Graphic file (type QTm)

<use  "ActivityDiagramsWithSwimlanes/9.png" > [108]
File: ActivityDiagramsWithSwimlanes/10.png Graphic file (type QTm)

<use  "ActivityDiagramsWithSwimlanes/10.png" > [109]
File: ActivityDiagramsWithSwimlanes/11.png Graphic file (type QTm)

<use  "ActivityDiagramsWithSwimlanes/11.png" > [110]
File: ActivityDiagramsWithSwimlanes/12.png Graphic file (type QTm)

<use  "ActivityDiagramsWithSwimlanes/12.png" > [111]
File: ActivityDiagramsWithSwimlanes/13.png Graphic file (type QTm)

<use  "ActivityDiagramsWithSwimlanes/13.png" > [112]
File: ActivityDiagramsWithSwimlanes/14.png Graphic file (type QTm)

<use  "ActivityDiagramsWithSwimlanes/14.png" > [113]
File: ActivityDiagramsWithSwimlanes/15.png Graphic file (type QTm)

<use  "ActivityDiagramsWithSwimlanes/15.png" > [114]
File: ActivityDiagramsWithSwimlanes/16.jpg Graphic file (type QTm)

<use  "ActivityDiagramsWithSwimlanes/16.jpg" > [115]
File: ActivityDiagramsWithSwimlanes/17.jpg Graphic file (type QTm)

<use  "ActivityDiagramsWithSwimlanes/17.jpg" > [116]
File: ActivityDiagramsWithSwimlanes/18.jpg Graphic file (type QTm)

<use  "ActivityDiagramsWithSwimlanes/18.jpg" > [117]
File: ActivityDiagramsWithSwimlanes/19.jpg Graphic file (type QTm)

<use  "ActivityDiagramsWithSwimlanes/19.jpg" > [118]
File: ActivityDiagramsWithSwimlanes/20.jpg Graphic file (type QTm)

<use  "ActivityDiagramsWithSwimlanes/20.jpg" > [119]
File: ActivityDiagramsWithSwimlanes/24.jpg Graphic file (type QTm)

<use  "ActivityDiagramsWithSwimlanes/24.jpg" > [120]
File: ActivityDiagramsWithSwimlanes/25.jpg Graphic file (type QTm)

<use  "ActivityDiagramsWithSwimlanes/25.jpg" > [121]
File: ActivityDiagramsWithSwimlanes/26.jpg Graphic file (type QTm)

<use  "ActivityDiagramsWithSwimlanes/26.jpg" >
Overfull \vbox (5.84422pt too high) has occurred while \output is active []


[122]
File: ActivityDiagramsWithSwimlanes/27.jpg Graphic file (type QTm)
 <use  "ActivityDiagramsWithSwimlanes/27.jpg" > [123]
File: ActivityDiagramsWithSwimlanes/28.jpg Graphic file (type QTm)

<use  "ActivityDiagramsWithSwimlanes/28.jpg" > [124]
File: ActivityDiagramsWithSwimlanes/29.jpg Graphic file (type QTm)

<use  "ActivityDiagramsWithSwimlanes/29.jpg" > [125]
File: ActivityDiagramsWithSwimlanes/30.jpg Graphic file (type QTm)

<use  "ActivityDiagramsWithSwimlanes/30.jpg" > [126]
File: ActivityDiagramsWithSwimlanes/31.jpg Graphic file (type QTm)

<use  "ActivityDiagramsWithSwimlanes/31.jpg" > [127]
File: ActivityDiagramsWithSwimlanes/32.jpg Graphic file (type QTm)

<use  "ActivityDiagramsWithSwimlanes/32.jpg" > [128]
File: ActivityDiagramsWithSwimlanes/33.jpg Graphic file (type QTm)

<use  "ActivityDiagramsWithSwimlanes/33.jpg" > [129]
File: ActivityDiagramsWithSwimlanes/34.jpg Graphic file (type QTm)

<use  "ActivityDiagramsWithSwimlanes/34.jpg" >
File: ActivityDiagramsWithSwimlanes/35.jpg Graphic file (type QTm)

<use  "ActivityDiagramsWithSwimlanes/35.jpg" > [130] [131]
File: ActivityDiagramsWithSwimlanes/36.jpg Graphic file (type QTm)

<use  "ActivityDiagramsWithSwimlanes/36.jpg" > [132]
File: ActivityDiagramsWithSwimlanes/37.jpg Graphic file (type QTm)

<use  "ActivityDiagramsWithSwimlanes/37.jpg" > [133]
File: ActivityDiagramsWithSwimlanes/38.jpg Graphic file (type QTm)

<use  "ActivityDiagramsWithSwimlanes/38.jpg" > [134]
File: ActivityDiagramsWithSwimlanes/39.jpg Graphic file (type QTm)

<use  "ActivityDiagramsWithSwimlanes/39.jpg" > [135]
File: ActivityDiagramsWithSwimlanes/40.jpg Graphic file (type QTm)

<use  "ActivityDiagramsWithSwimlanes/40.jpg" > [136]
File: ActivityDiagramsWithSwimlanes/41.jpg Graphic file (type QTm)

<use  "ActivityDiagramsWithSwimlanes/41.jpg" > [137]
File: ActivityDiagramsWithSwimlanes/42.jpg Graphic file (type QTm)

<use  "ActivityDiagramsWithSwimlanes/42.jpg" > [138]
File: ActivityDiagramsWithSwimlanes/44.jpg Graphic file (type QTm)

<use  "ActivityDiagramsWithSwimlanes/44.jpg" > [139]
File: ActivityDiagramsWithSwimlanes/45.jpg Graphic file (type QTm)

<use  "ActivityDiagramsWithSwimlanes/45.jpg" >) [140]
\openout2 = `SequenceDiagrams.aux'.

 (./SequenceDiagrams.tex
File: SequenceDiagrams/1.png Graphic file (type QTm)

<use  "SequenceDiagrams/1.png" > [141


]
File: SequenceClasses/1.png Graphic file (type QTm)
 <use  "SequenceClasses/1.png" > [142]
File: SequenceDiagrams/extra.png Graphic file (type QTm)

<use  "SequenceDiagrams/extra.png" > [143]
File: SequenceDiagrams/2.png Graphic file (type QTm)
 <use  "SequenceDiagrams/2.png" >
[144]
File: SequenceClasses/2.png Graphic file (type QTm)
 <use  "SequenceClasses/2.png" > [145]
File: SequenceDiagrams/3.png Graphic file (type QTm)
 <use  "SequenceDiagrams/3.png" >
[146]
File: SequenceClasses/3.png Graphic file (type QTm)
 <use  "SequenceClasses/3.png" > [147]
File: SequenceDiagrams/4.png Graphic file (type QTm)
 <use  "SequenceDiagrams/4.png" >
[148]
File: SequenceClasses/4.png Graphic file (type QTm)
 <use  "SequenceClasses/4.png" > [149]
File: SequenceDiagrams/5.png Graphic file (type QTm)
 <use  "SequenceDiagrams/5.png" >
[150]
File: SequenceClasses/5.png Graphic file (type QTm)
 <use  "SequenceClasses/5.png" > [151]
File: SequenceDiagrams/6.png Graphic file (type QTm)
 <use  "SequenceDiagrams/6.png" >
[152]
File: SequenceClasses/6.png Graphic file (type QTm)
 <use  "SequenceClasses/6.png" > [153]
File: SequenceDiagrams/7.png Graphic file (type QTm)
 <use  "SequenceDiagrams/7.png" >
[154]
File: SequenceClasses/7.png Graphic file (type QTm)
 <use  "SequenceClasses/7.png" > [155]
File: SequenceDiagrams/8.png Graphic file (type QTm)
 <use  "SequenceDiagrams/8.png" >
[156]
File: SequenceClasses/8.png Graphic file (type QTm)
 <use  "SequenceClasses/8.png" > [157]
File: SequenceDiagrams/9.png Graphic file (type QTm)
 <use  "SequenceDiagrams/9.png" >
[158]
File: SequenceClasses/9.png Graphic file (type QTm)
 <use  "SequenceClasses/9.png" > [159]
File: SequenceDiagrams/10.png Graphic file (type QTm)
 <use  "SequenceDiagrams/10.png" >
[160]
File: SequenceClasses/10.png Graphic file (type QTm)
 <use  "SequenceClasses/10.png" > [161]
File: SequenceDiagrams/11.png Graphic file (type QTm)
 <use  "SequenceDiagrams/11.png" >
[162]
File: SequenceClasses/11.png Graphic file (type QTm)
 <use  "SequenceClasses/11.png" > [163]
File: SequenceDiagrams/12.png Graphic file (type QTm)
 <use  "SequenceDiagrams/12.png" >
[164]
File: SequenceClasses/12.png Graphic file (type QTm)
 <use  "SequenceClasses/12.png" > [165]
File: SequenceDiagrams/13.png Graphic file (type QTm)
 <use  "SequenceDiagrams/13.png" >
[166]
File: SequenceClasses/13.png Graphic file (type QTm)
 <use  "SequenceClasses/13.png" > [167]
File: SequenceDiagrams/14.png Graphic file (type QTm)
 <use  "SequenceDiagrams/14.png" >
[168]
File: SequenceClasses/14.png Graphic file (type QTm)
 <use  "SequenceClasses/14.png" > [169]
File: SequenceDiagrams/15.png Graphic file (type QTm)
 <use  "SequenceDiagrams/15.png" >
[170]
File: SequenceClasses/15.png Graphic file (type QTm)
 <use  "SequenceClasses/15.png" > [171]
File: SequenceDiagrams/16.jpg Graphic file (type QTm)
 <use  "SequenceDiagrams/16.jpg" >
[172]
File: SequenceClasses/16.png Graphic file (type QTm)
 <use  "SequenceClasses/16.png" > [173]
File: SequenceDiagrams/17.jpg Graphic file (type QTm)
 <use  "SequenceDiagrams/17.jpg" >
[174]
File: SequenceClasses/17.png Graphic file (type QTm)
 <use  "SequenceClasses/17.png" > [175]
File: SequenceDiagrams/18.jpg Graphic file (type QTm)
 <use  "SequenceDiagrams/18.jpg" >
[176]
File: SequenceClasses/18.png Graphic file (type QTm)
 <use  "SequenceClasses/18.png" > [177]
File: SequenceDiagrams/19.jpg Graphic file (type QTm)
 <use  "SequenceDiagrams/19.jpg" >
[178]
File: SequenceClasses/19.png Graphic file (type QTm)
 <use  "SequenceClasses/19.png" > [179]
File: SequenceDiagrams/20.jpg Graphic file (type QTm)
 <use  "SequenceDiagrams/20.jpg" >
[180]
File: SequenceClasses/20.png Graphic file (type QTm)
 <use  "SequenceClasses/20.png" > [181]
File: SequenceDiagrams/24.jpg Graphic file (type QTm)
 <use  "SequenceDiagrams/24.jpg" >
[182]
File: SequenceClasses/24.png Graphic file (type QTm)
 <use  "SequenceClasses/24.png" > [183]
File: SequenceDiagrams/25.jpg Graphic file (type QTm)
 <use  "SequenceDiagrams/25.jpg" >
[184]
File: SequenceClasses/25.png Graphic file (type QTm)
 <use  "SequenceClasses/25.png" > [185]
File: SequenceDiagrams/26.jpg Graphic file (type QTm)
 <use  "SequenceDiagrams/26.jpg" >
[186]
File: SequenceClasses/26.png Graphic file (type QTm)
 <use  "SequenceClasses/26.png" > [187]
File: SequenceDiagrams/27.jpg Graphic file (type QTm)
 <use  "SequenceDiagrams/27.jpg" >
[188]
File: SequenceClasses/27.png Graphic file (type QTm)
 <use  "SequenceClasses/27.png" > [189]
File: SequenceDiagrams/28.jpg Graphic file (type QTm)
 <use  "SequenceDiagrams/28.jpg" >
[190]
File: SequenceClasses/28.png Graphic file (type QTm)
 <use  "SequenceClasses/28.png" > [191]
File: SequenceDiagrams/29.jpg Graphic file (type QTm)
 <use  "SequenceDiagrams/29.jpg" >
[192]
File: SequenceClasses/29.png Graphic file (type QTm)
 <use  "SequenceClasses/29.png" > [193]
File: SequenceDiagrams/30.jpg Graphic file (type QTm)
 <use  "SequenceDiagrams/30.jpg" >
[194]
File: SequenceClasses/30.png Graphic file (type QTm)
 <use  "SequenceClasses/30.png" > [195]
File: SequenceDiagrams/31.jpg Graphic file (type QTm)
 <use  "SequenceDiagrams/31.jpg" >
[196]
File: SequenceClasses/31.png Graphic file (type QTm)
 <use  "SequenceClasses/31.png" > [197]
File: SequenceDiagrams/32.jpg Graphic file (type QTm)
 <use  "SequenceDiagrams/32.jpg" >
[198]
File: SequenceClasses/32.png Graphic file (type QTm)
 <use  "SequenceClasses/32.png" > [199]
File: SequenceDiagrams/33.jpg Graphic file (type QTm)
 <use  "SequenceDiagrams/33.jpg" >
[200]
File: SequenceClasses/33.png Graphic file (type QTm)
 <use  "SequenceClasses/33.png" > [201]
File: SequenceDiagrams/34.jpg Graphic file (type QTm)
 <use  "SequenceDiagrams/34.jpg" >
[202]
File: SequenceClasses/34.png Graphic file (type QTm)
 <use  "SequenceClasses/34.png" > [203]
File: SequenceDiagrams/35.jpg Graphic file (type QTm)
 <use  "SequenceDiagrams/35.jpg" >
[204]
File: SequenceClasses/35.png Graphic file (type QTm)
 <use  "SequenceClasses/35.png" > [205]
File: SequenceDiagrams/36.jpg Graphic file (type QTm)
 <use  "SequenceDiagrams/36.jpg" >
[206]
File: SequenceClasses/36.png Graphic file (type QTm)
 <use  "SequenceClasses/36.png" > [207]
File: SequenceDiagrams/37.jpg Graphic file (type QTm)
 <use  "SequenceDiagrams/37.jpg" >
[208]
File: SequenceClasses/37.png Graphic file (type QTm)
 <use  "SequenceClasses/37.png" > [209]
File: SequenceDiagrams/38.jpg Graphic file (type QTm)
 <use  "SequenceDiagrams/38.jpg" >
[210]
File: SequenceClasses/38.png Graphic file (type QTm)
 <use  "SequenceClasses/38.png" > [211]
File: SequenceDiagrams/39.jpg Graphic file (type QTm)
 <use  "SequenceDiagrams/39.jpg" >
[212]
File: SequenceClasses/39.png Graphic file (type QTm)
 <use  "SequenceClasses/39.png" > [213]
File: SequenceDiagrams/Extera_1.jpg Graphic file (type QTm)

<use  "SequenceDiagrams/Extera_1.jpg" > [214]
File: SequenceDiagrams/40.jpg Graphic file (type QTm)

<use  "SequenceDiagrams/40.jpg" > [215]
File: SequenceClasses/40.png Graphic file (type QTm)
 <use  "SequenceClasses/40.png" >
[216]
File: SequenceDiagrams/41.jpg Graphic file (type QTm)
 <use  "SequenceDiagrams/41.jpg" > [217]
File: SequenceClasses/41.png Graphic file (type QTm)
 <use  "SequenceClasses/41.png" >
[218]
File: SequenceDiagrams/42.jpg Graphic file (type QTm)
 <use  "SequenceDiagrams/42.jpg" > [219]
File: SequenceClasses/42.png Graphic file (type QTm)
 <use  "SequenceClasses/42.png" >
[220]
File: SequenceDiagrams/44.jpg Graphic file (type QTm)
 <use  "SequenceDiagrams/44.jpg" > [221]
File: SequenceClasses/44.png Graphic file (type QTm)
 <use  "SequenceClasses/44.png" >
[222]
File: SequenceDiagrams/45.jpg Graphic file (type QTm)
 <use  "SequenceDiagrams/45.jpg" > [223]
File: SequenceClasses/45.png Graphic file (type QTm)
 <use  "SequenceClasses/45.png" >) [224]
\openout2 = `PackageDiagrams.aux'.

 (./PackageDiagrams.tex
File: PackageDiagram/ClassDiagram.jpg Graphic file (type QTm)
 <use  "PackageDiagram/ClassDiagram.jpg" >
[225


]
File: PackageDiagram/PackageDiagram.jpg Graphic file (type QTm)
 <use  "PackageDiagram/PackageDiagram.jpg" > [226]
File: PackageDiagram/ProjectManagementPackage.jpg Graphic file (type QTm)

<use  "PackageDiagram/ProjectManagementPackage.jpg" > [227]
File: PackageDiagram/ResourcePackage.jpg Graphic file (type QTm)

<use  "PackageDiagram/ResourcePackage.jpg" > [228]
File: PackageDiagram/PredictPackage.jpg Graphic file (type QTm)

<use  "PackageDiagram/PredictPackage.jpg" > [229]
File: PackageDiagram/ReportPackage.jpg Graphic file (type QTm)

<use  "PackageDiagram/ReportPackage.jpg" >) [230]
\openout2 = `Checklist.aux'.

 (./Checklist.tex) [231


]
\openout2 = `Glossary.aux'.


(./Glossary.tex
Underfull \hbox (badness 10000) in paragraph at lines 7--8
[][]\EU1/BBCNassim(0)/bx/n/10 ŸÜ€åÿßÿ≤ŸÖŸÜÿØ€å‚ÄåŸáÿß€å[]
 []

) [232


] [233

]
File: Gantt_v2.pdf Graphic file (type QTm)
 <use  "Gantt_v2.pdf" >
Overfull \hbox (426.79132pt too wide) in paragraph at lines 207--208
 [][][][][] 
 []

Package atveryend Info: Empty hook `BeforeClearDocument' on input line 209.
[234]
Package atveryend Info: Empty hook `AfterLastShipout' on input line 209.
 (./OOD_third_phase.aux (./Prototype.aux) (./Risks.aux) (./CRC.aux)
(./Usecases.aux) (./ActivityDiagrams.aux) (./ActivityDiagramsWithSwimlane.aux)
(./SequenceDiagrams.aux) (./PackageDiagrams.aux) (./Checklist.aux)
(./Glossary.aux))
Package atveryend Info: Empty hook `AtVeryEndDocument' on input line 209.
Package atveryend Info: Empty hook `AtEndAfterFileList' on input line 209.


LaTeX Font Warning: Some font shapes were not available, defaults substituted.

Package atveryend Info: Empty hook `AtVeryVeryEnd' on input line 209.
 ) 
Here is how much of TeX's memory you used:
 20612 strings out of 494522
 340653 string characters out of 3140542
 484828 words of memory out of 3000000
 23424 multiletter control sequences out of 15000+200000
 3808 words of font info for 35 fonts, out of 3000000 for 9000
 670 hyphenation exceptions out of 8191
 45i,10n,64p,952b,439s stack positions out of 5000i,500n,10000p,200000b,50000s

Output written on OOD_third_phase.pdf (235 pages).
