\BOOKMARK [1][-]{section.1}{نمونه‌ی اولیه‌ی واسط کاربری}{}% 1
\BOOKMARK [2][-]{subsection.1.1}{صفحات حساب کاربری}{section.1}% 2
\BOOKMARK [2][-]{subsection.1.2}{صفحات کارمند}{section.1}% 3
\BOOKMARK [2][-]{subsection.1.3}{صفحات مدیریت پروژه}{section.1}% 4
\BOOKMARK [2][-]{subsection.1.4}{صفحات مدیریت کل}{section.1}% 5
\BOOKMARK [2][-]{subsection.1.5}{صفحات ابزار گزارش‌گیری}{section.1}% 6
\BOOKMARK [2][-]{subsection.1.6}{صفحات ابزارپیش‌بینی }{section.1}% 7
\BOOKMARK [1][-]{section.2}{فهرست اولویت‌بندی شده‌ی ریسک‌ها}{}% 8
\BOOKMARK [2][-]{subsection.2.1}{درک نادرست از خواسته‌های پروژه}{section.2}% 9
\BOOKMARK [2][-]{subsection.2.2}{مشکل در برقراری ارتباط با مشتری}{section.2}% 10
\BOOKMARK [2][-]{subsection.2.3}{مقاومت کاربران}{section.2}% 11
\BOOKMARK [2][-]{subsection.2.4}{اختلاف در معیارهای موفقیت پروژه}{section.2}% 12
\BOOKMARK [2][-]{subsection.2.5}{کمبود زمان}{section.2}% 13
\BOOKMARK [2][-]{subsection.2.6}{تغییر نیازمندی‌ها}{section.2}% 14
\BOOKMARK [2][-]{subsection.2.7}{کمبود منابع \(تخمین نادرست از منابع مورد نیاز\)}{section.2}% 15
\BOOKMARK [2][-]{subsection.2.8}{به روز رسانی شدن تکنولوژی مورد استفاده در پروژه}{section.2}% 16
\BOOKMARK [1][-]{section.3}{ریسک تکنیکی}{}% 17
\BOOKMARK [1][-]{section.4}{فهرست اولویت‌بندی‌شده‌ی نیازمندی‌ها}{}% 18
\BOOKMARK [1][-]{section.5}{Architecturally\040Significant\040Requirements}{}% 19
\BOOKMARK [1][-]{section.6}{Executable\040Architectural\040Baseline}{}% 20
\BOOKMARK [1][-]{section.7}{کارت‌های CRC}{}% 21
\BOOKMARK [1][-]{section.8}{نمودار و مشخصات موارد کاربردساختاردهی‌شده}{}% 22
\BOOKMARK [2][-]{subsection.8.1}{زیرسیستم کاربری}{section.8}% 23
\BOOKMARK [2][-]{subsection.8.2}{زیرسیستم تولید و نگهداری}{section.8}% 24
\BOOKMARK [2][-]{subsection.8.3}{زیرسیستم توزیع}{section.8}% 25
\BOOKMARK [2][-]{subsection.8.4}{زیرسیستم گزارش‌گیری}{section.8}% 26
\BOOKMARK [2][-]{subsection.8.5}{زیرسیستم پیش‌بینی}{section.8}% 27
\BOOKMARK [1][-]{section.9}{نمودارهای فعالیت}{}% 28
\BOOKMARK [2][-]{subsection.9.1}{زیرسیستم کاربری}{section.9}% 29
\BOOKMARK [2][-]{subsection.9.2}{زیرسیستم تولید و نگهداری}{section.9}% 30
\BOOKMARK [2][-]{subsection.9.3}{زیرسیستم توزیع}{section.9}% 31
\BOOKMARK [2][-]{subsection.9.4}{زیرسیستم گزارش‌گیری}{section.9}% 32
\BOOKMARK [2][-]{subsection.9.5}{زیرسیستم پیش‌بینی}{section.9}% 33
\BOOKMARK [1][-]{section.10}{واژه‌نامه}{}% 34
\BOOKMARK [1][-]{section.11}{برنامه‌ی زمان‌بندی‌شده‌ی گروه‌}{}% 35
